Copyright 1986-2020 Xilinx, Inc. All Rights Reserved.
------------------------------------------------------------------------------------
| Tool Version : Vivado v.2020.1 (win64) Build 2902540 Wed May 27 19:54:49 MDT 2020
| Date         : Mon Feb  1 17:17:38 2021
| Host         : DESKTOP-BJ9E846 running 64-bit major release  (build 9200)
| Command      : upgrade_ip
| Device       : xc7z010clg400-1
------------------------------------------------------------------------------------

Upgrade Log for IP 'design_1_ConvAccelerator_0_0'

1. Summary
----------

SUCCESS in the upgrade of design_1_ConvAccelerator_0_0 (xilinx.com:user:ConvAccelerator:1.0) from (Rev. 4) to (Rev. 5)






Copyright 1986-2020 Xilinx, Inc. All Rights Reserved.
------------------------------------------------------------------------------------
| Tool Version : Vivado v.2020.1 (win64) Build 2902540 Wed May 27 19:54:49 MDT 2020
| Date         : Mon Feb  1 17:15:41 2021
| Host         : DESKTOP-BJ9E846 running 64-bit major release  (build 9200)
| Command      : upgrade_ip
| Device       : xc7z010clg400-1
------------------------------------------------------------------------------------

Upgrade Log for IP 'design_1_ConvAccelerator_0_0'

1. Summary
----------

SUCCESS in the upgrade of design_1_ConvAccelerator_0_0 (xilinx.com:user:ConvAccelerator:1.0) from (Rev. 3) to (Rev. 4)

