
*** Running vivado
    with args -log design_1_ConvAccelerator_0_9.vds -m64 -product Vivado -mode batch -messageDb vivado.pb -notrace -source design_1_ConvAccelerator_0_9.tcl



****** Vivado v2020.1 (64-bit)
  **** SW Build 2902540 on Wed May 27 19:54:49 MDT 2020
  **** IP Build 2902112 on Wed May 27 22:43:36 MDT 2020
    ** Copyright 1986-2020 Xilinx, Inc. All Rights Reserved.

source design_1_ConvAccelerator_0_9.tcl -notrace
INFO: [IP_Flow 19-234] Refreshing IP repositories
INFO: [IP_Flow 19-1700] Loaded user IP repository 'd:/Master_Thesis/Vivado/IpProj'.
INFO: [IP_Flow 19-2313] Loaded Vivado IP repository 'D:/Vivado/Vivado/2020.1/data/ip'.
Command: synth_design -top design_1_ConvAccelerator_0_9 -part xc7z010clg400-1 -mode out_of_context
Starting synth_design
Attempting to get a license for feature 'Synthesis' and/or device 'xc7z010'
INFO: [Common 17-349] Got license for feature 'Synthesis' and/or device 'xc7z010'
INFO: [Device 21-403] Loading part xc7z010clg400-1
INFO: [Synth 8-7079] Multithreading enabled for synth_design using a maximum of 2 processes.
INFO: [Synth 8-7078] Launching helper process for spawning children vivado processes
INFO: [Synth 8-7075] Helper process launched with PID 23064
---------------------------------------------------------------------------------
Starting RTL Elaboration : Time (s): cpu = 00:00:03 ; elapsed = 00:00:04 . Memory (MB): peak = 1077.969 ; gain = 0.000
---------------------------------------------------------------------------------
INFO: [Synth 8-638] synthesizing module 'design_1_ConvAccelerator_0_9' [d:/Master_Thesis/Vivado/HwProj/HwProj.srcs/sources_1/bd/design_1/ip/design_1_ConvAccelerator_0_9/synth/design_1_ConvAccelerator_0_9.vhd:92]
	Parameter INPUT_SIZE_BIT_WIDTH bound to: 16 - type: integer 
	Parameter INPUT_DEPTH_BIT_WIDTH bound to: 13 - type: integer 
	Parameter STRIDE_BIT_WIDTH bound to: 3 - type: integer 
	Parameter KERNEL_DEPTH_BIT_WIDTH bound to: 13 - type: integer 
	Parameter KERNEL_SIZE_BIT_WIDTH bound to: 8 - type: integer 
	Parameter MAX_KERNEL_DEPTH bound to: 32 - type: integer 
	Parameter MAX_COMPUTE_BYTE bound to: 25 - type: integer 
	Parameter MAX_INPUT_SIZE bound to: 32 - type: integer 
	Parameter MAX_KERNEL_SIZE bound to: 5 - type: integer 
	Parameter ADDR_WIDTH bound to: 8 - type: integer 
	Parameter C_S00_AXIS_TDATA_WIDTH bound to: 32 - type: integer 
	Parameter C_S01_AXI_DATA_WIDTH bound to: 32 - type: integer 
	Parameter C_S01_AXI_ADDR_WIDTH bound to: 8 - type: integer 
	Parameter C_M00_AXIS_TDATA_WIDTH bound to: 32 - type: integer 
	Parameter OUTPUT_SIZE_BIT_WIDTH bound to: 16 - type: integer 
INFO: [Synth 8-3491] module 'ConvAccelerator' declared at 'd:/Master_Thesis/Vivado/HwProj/HwProj.srcs/sources_1/bd/design_1/ipshared/03f2/hdl/ConvAccelerator.vhd:5' bound to instance 'U0' of component 'ConvAccelerator' [d:/Master_Thesis/Vivado/HwProj/HwProj.srcs/sources_1/bd/design_1/ip/design_1_ConvAccelerator_0_9/synth/design_1_ConvAccelerator_0_9.vhd:196]
INFO: [Synth 8-638] synthesizing module 'ConvAccelerator' [d:/Master_Thesis/Vivado/HwProj/HwProj.srcs/sources_1/bd/design_1/ipshared/03f2/hdl/ConvAccelerator.vhd:103]
	Parameter INPUT_SIZE_BIT_WIDTH bound to: 16 - type: integer 
	Parameter INPUT_DEPTH_BIT_WIDTH bound to: 13 - type: integer 
	Parameter STRIDE_BIT_WIDTH bound to: 3 - type: integer 
	Parameter KERNEL_DEPTH_BIT_WIDTH bound to: 13 - type: integer 
	Parameter KERNEL_SIZE_BIT_WIDTH bound to: 8 - type: integer 
	Parameter OUTPUT_SIZE_BIT_WIDTH bound to: 16 - type: integer 
	Parameter MAX_KERNEL_DEPTH bound to: 32 - type: integer 
	Parameter MAX_COMPUTE_BYTE bound to: 25 - type: integer 
	Parameter MAX_INPUT_SIZE bound to: 32 - type: integer 
	Parameter MAX_KERNEL_SIZE bound to: 5 - type: integer 
	Parameter ADDR_WIDTH bound to: 8 - type: integer 
	Parameter C_S00_AXIS_TDATA_WIDTH bound to: 32 - type: integer 
	Parameter C_S01_AXI_DATA_WIDTH bound to: 32 - type: integer 
	Parameter C_S01_AXI_ADDR_WIDTH bound to: 8 - type: integer 
	Parameter C_M00_AXIS_TDATA_WIDTH bound to: 32 - type: integer 
	Parameter INPUT_SIZE_BIT_WIDTH bound to: 16 - type: integer 
	Parameter INPUT_DEPTH_BIT_WIDTH bound to: 13 - type: integer 
	Parameter STRIDE_BIT_WIDTH bound to: 3 - type: integer 
	Parameter KERNEL_DEPTH_BIT_WIDTH bound to: 13 - type: integer 
	Parameter KERNEL_SIZE_BIT_WIDTH bound to: 8 - type: integer 
	Parameter OUTPUT_SIZE_BIT_WIDTH bound to: 16 - type: integer 
	Parameter DATA_WIDTH bound to: 32 - type: integer 
	Parameter ADDR_WIDTH bound to: 8 - type: integer 
INFO: [Synth 8-3491] module 'MyAccelerator_v2_0_S00_AXI' declared at 'd:/Master_Thesis/Vivado/HwProj/HwProj.srcs/sources_1/bd/design_1/ipshared/03f2/hdl/MyAccelerator_v2_0_S00_AXI.vhd:5' bound to instance 'MyAccelerator_v2_0_S00_AXI_inst' of component 'MyAccelerator_v2_0_S00_AXI' [d:/Master_Thesis/Vivado/HwProj/HwProj.srcs/sources_1/bd/design_1/ipshared/03f2/hdl/ConvAccelerator.vhd:405]
INFO: [Synth 8-638] synthesizing module 'MyAccelerator_v2_0_S00_AXI' [d:/Master_Thesis/Vivado/HwProj/HwProj.srcs/sources_1/bd/design_1/ipshared/03f2/hdl/MyAccelerator_v2_0_S00_AXI.vhd:108]
	Parameter INPUT_SIZE_BIT_WIDTH bound to: 16 - type: integer 
	Parameter INPUT_DEPTH_BIT_WIDTH bound to: 13 - type: integer 
	Parameter STRIDE_BIT_WIDTH bound to: 3 - type: integer 
	Parameter KERNEL_DEPTH_BIT_WIDTH bound to: 13 - type: integer 
	Parameter KERNEL_SIZE_BIT_WIDTH bound to: 8 - type: integer 
	Parameter OUTPUT_SIZE_BIT_WIDTH bound to: 16 - type: integer 
	Parameter DATA_WIDTH bound to: 32 - type: integer 
	Parameter ADDR_WIDTH bound to: 8 - type: integer 
INFO: [Synth 8-256] done synthesizing module 'MyAccelerator_v2_0_S00_AXI' (1#1) [d:/Master_Thesis/Vivado/HwProj/HwProj.srcs/sources_1/bd/design_1/ipshared/03f2/hdl/MyAccelerator_v2_0_S00_AXI.vhd:108]
	Parameter INPUT_SIZE_BIT_WIDTH bound to: 16 - type: integer 
	Parameter INPUT_DEPTH_BIT_WIDTH bound to: 13 - type: integer 
	Parameter STRIDE_BIT_WIDTH bound to: 3 - type: integer 
	Parameter KERNEL_DEPTH_BIT_WIDTH bound to: 13 - type: integer 
	Parameter KERNEL_SIZE_BIT_WIDTH bound to: 8 - type: integer 
	Parameter OUTPUT_SIZE_BIT_WIDTH bound to: 16 - type: integer 
	Parameter DATA_WIDTH bound to: 32 - type: integer 
	Parameter ADDR_WIDTH bound to: 8 - type: integer 
INFO: [Synth 8-3491] module 'main_fsm' declared at 'd:/Master_Thesis/Vivado/HwProj/HwProj.srcs/sources_1/bd/design_1/ipshared/03f2/hdl/main_fsm.vhd:5' bound to instance 'main_fsm_dut' of component 'main_fsm' [d:/Master_Thesis/Vivado/HwProj/HwProj.srcs/sources_1/bd/design_1/ipshared/03f2/hdl/ConvAccelerator.vhd:454]
INFO: [Synth 8-638] synthesizing module 'main_fsm' [d:/Master_Thesis/Vivado/HwProj/HwProj.srcs/sources_1/bd/design_1/ipshared/03f2/hdl/main_fsm.vhd:58]
	Parameter INPUT_SIZE_BIT_WIDTH bound to: 16 - type: integer 
	Parameter INPUT_DEPTH_BIT_WIDTH bound to: 13 - type: integer 
	Parameter STRIDE_BIT_WIDTH bound to: 3 - type: integer 
	Parameter KERNEL_DEPTH_BIT_WIDTH bound to: 13 - type: integer 
	Parameter KERNEL_SIZE_BIT_WIDTH bound to: 8 - type: integer 
	Parameter OUTPUT_SIZE_BIT_WIDTH bound to: 16 - type: integer 
	Parameter DATA_WIDTH bound to: 32 - type: integer 
	Parameter ADDR_WIDTH bound to: 8 - type: integer 
INFO: [Synth 8-256] done synthesizing module 'main_fsm' (2#1) [d:/Master_Thesis/Vivado/HwProj/HwProj.srcs/sources_1/bd/design_1/ipshared/03f2/hdl/main_fsm.vhd:58]
	Parameter KERNEL_SIZE_BIT_WIDTH bound to: 8 - type: integer 
	Parameter KERNEL_DEPTH_BIT_WIDTH bound to: 13 - type: integer 
	Parameter MAX_KERNEL_DEPTH bound to: 32 - type: integer 
	Parameter MAX_KERNEL_SIZE bound to: 5 - type: integer 
	Parameter DATA_WIDTH bound to: 32 - type: integer 
	Parameter MAX_COMPUTE_BYTE bound to: 25 - type: integer 
	Parameter ADDR_WIDTH bound to: 8 - type: integer 
INFO: [Synth 8-3491] module 'weight_buffer' declared at 'd:/Master_Thesis/Vivado/HwProj/HwProj.srcs/sources_1/bd/design_1/ipshared/03f2/hdl/weight_buffer.vhd:7' bound to instance 'weight_buffer_dut' of component 'weight_buffer' [d:/Master_Thesis/Vivado/HwProj/HwProj.srcs/sources_1/bd/design_1/ipshared/03f2/hdl/ConvAccelerator.vhd:498]
INFO: [Synth 8-638] synthesizing module 'weight_buffer' [d:/Master_Thesis/Vivado/HwProj/HwProj.srcs/sources_1/bd/design_1/ipshared/03f2/hdl/weight_buffer.vhd:45]
	Parameter KERNEL_SIZE_BIT_WIDTH bound to: 8 - type: integer 
	Parameter KERNEL_DEPTH_BIT_WIDTH bound to: 13 - type: integer 
	Parameter MAX_KERNEL_DEPTH bound to: 32 - type: integer 
	Parameter MAX_KERNEL_SIZE bound to: 5 - type: integer 
	Parameter DATA_WIDTH bound to: 32 - type: integer 
	Parameter MAX_COMPUTE_BYTE bound to: 25 - type: integer 
	Parameter ADDR_WIDTH bound to: 8 - type: integer 
	Parameter DATA_WIDTH bound to: 32 - type: integer 
	Parameter MAX_KERNEL_SIZE bound to: 5 - type: integer 
	Parameter KERNEL_SIZE_BIT_WIDTH bound to: 8 - type: integer 
INFO: [Synth 8-3491] module 'w_sticker' declared at 'd:/Master_Thesis/Vivado/HwProj/HwProj.srcs/sources_1/bd/design_1/ipshared/03f2/hdl/w_sticker.vhd:14' bound to instance 'stick' of component 'w_sticker' [d:/Master_Thesis/Vivado/HwProj/HwProj.srcs/sources_1/bd/design_1/ipshared/03f2/hdl/weight_buffer.vhd:106]
INFO: [Synth 8-638] synthesizing module 'w_sticker' [d:/Master_Thesis/Vivado/HwProj/HwProj.srcs/sources_1/bd/design_1/ipshared/03f2/hdl/w_sticker.vhd:35]
	Parameter DATA_WIDTH bound to: 32 - type: integer 
	Parameter MAX_KERNEL_SIZE bound to: 5 - type: integer 
	Parameter KERNEL_SIZE_BIT_WIDTH bound to: 8 - type: integer 
INFO: [Synth 8-256] done synthesizing module 'w_sticker' (3#1) [d:/Master_Thesis/Vivado/HwProj/HwProj.srcs/sources_1/bd/design_1/ipshared/03f2/hdl/w_sticker.vhd:35]
	Parameter DATA_WIDTH bound to: 800 - type: integer 
	Parameter MEM_DEPTH bound to: 16 - type: integer 
	Parameter ADDR_WIDTH bound to: 8 - type: integer 
INFO: [Synth 8-3491] module 'DIS_RAM_SP' declared at 'd:/Master_Thesis/Vivado/HwProj/HwProj.srcs/sources_1/bd/design_1/ipshared/03f2/hdl/DIS_RAM_SP.vhd:9' bound to instance 'ram0' of component 'DIS_RAM_SP' [d:/Master_Thesis/Vivado/HwProj/HwProj.srcs/sources_1/bd/design_1/ipshared/03f2/hdl/weight_buffer.vhd:122]
INFO: [Synth 8-638] synthesizing module 'DIS_RAM_SP' [d:/Master_Thesis/Vivado/HwProj/HwProj.srcs/sources_1/bd/design_1/ipshared/03f2/hdl/DIS_RAM_SP.vhd:24]
	Parameter DATA_WIDTH bound to: 800 - type: integer 
	Parameter MEM_DEPTH bound to: 16 - type: integer 
	Parameter ADDR_WIDTH bound to: 8 - type: integer 
INFO: [Synth 8-256] done synthesizing module 'DIS_RAM_SP' (4#1) [d:/Master_Thesis/Vivado/HwProj/HwProj.srcs/sources_1/bd/design_1/ipshared/03f2/hdl/DIS_RAM_SP.vhd:24]
	Parameter DATA_WIDTH bound to: 800 - type: integer 
	Parameter MEM_DEPTH bound to: 16 - type: integer 
	Parameter ADDR_WIDTH bound to: 8 - type: integer 
INFO: [Synth 8-3491] module 'DIS_RAM_SP' declared at 'd:/Master_Thesis/Vivado/HwProj/HwProj.srcs/sources_1/bd/design_1/ipshared/03f2/hdl/DIS_RAM_SP.vhd:9' bound to instance 'ram1' of component 'DIS_RAM_SP' [d:/Master_Thesis/Vivado/HwProj/HwProj.srcs/sources_1/bd/design_1/ipshared/03f2/hdl/weight_buffer.vhd:135]
INFO: [Synth 8-226] default block is never used [d:/Master_Thesis/Vivado/HwProj/HwProj.srcs/sources_1/bd/design_1/ipshared/03f2/hdl/weight_buffer.vhd:163]
INFO: [Synth 8-256] done synthesizing module 'weight_buffer' (5#1) [d:/Master_Thesis/Vivado/HwProj/HwProj.srcs/sources_1/bd/design_1/ipshared/03f2/hdl/weight_buffer.vhd:45]
	Parameter MAX_INPUT_SIZE bound to: 32 - type: integer 
	Parameter MAX_KERNEL_SIZE bound to: 5 - type: integer 
	Parameter MAX_COMPUTE_BYTE bound to: 25 - type: integer 
	Parameter INPUT_SIZE_BIT_WIDTH bound to: 16 - type: integer 
	Parameter KERNEL_SIZE_BIT_WIDTH bound to: 8 - type: integer 
	Parameter DATA_WIDTH bound to: 32 - type: integer 
INFO: [Synth 8-3491] module 'data_buffer' declared at 'd:/Master_Thesis/Vivado/HwProj/HwProj.srcs/sources_1/bd/design_1/ipshared/03f2/hdl/data_buffer.vhd:10' bound to instance 'data_buffer_dut' of component 'data_buffer' [d:/Master_Thesis/Vivado/HwProj/HwProj.srcs/sources_1/bd/design_1/ipshared/03f2/hdl/ConvAccelerator.vhd:524]
INFO: [Synth 8-638] synthesizing module 'data_buffer' [d:/Master_Thesis/Vivado/HwProj/HwProj.srcs/sources_1/bd/design_1/ipshared/03f2/hdl/data_buffer.vhd:44]
	Parameter MAX_INPUT_SIZE bound to: 32 - type: integer 
	Parameter MAX_KERNEL_SIZE bound to: 5 - type: integer 
	Parameter MAX_COMPUTE_BYTE bound to: 25 - type: integer 
	Parameter INPUT_SIZE_BIT_WIDTH bound to: 16 - type: integer 
	Parameter KERNEL_SIZE_BIT_WIDTH bound to: 8 - type: integer 
	Parameter DATA_WIDTH bound to: 32 - type: integer 
	Parameter DATA_WIDTH bound to: 32 - type: integer 
INFO: [Synth 8-3491] module 'dff' declared at 'd:/Master_Thesis/Vivado/HwProj/HwProj.srcs/sources_1/bd/design_1/ipshared/03f2/hdl/dff.vhd:4' bound to instance 'ddfx' of component 'dff' [d:/Master_Thesis/Vivado/HwProj/HwProj.srcs/sources_1/bd/design_1/ipshared/03f2/hdl/data_buffer.vhd:192]
INFO: [Synth 8-638] synthesizing module 'dff' [d:/Master_Thesis/Vivado/HwProj/HwProj.srcs/sources_1/bd/design_1/ipshared/03f2/hdl/dff.vhd:17]
	Parameter DATA_WIDTH bound to: 32 - type: integer 
INFO: [Synth 8-256] done synthesizing module 'dff' (6#1) [d:/Master_Thesis/Vivado/HwProj/HwProj.srcs/sources_1/bd/design_1/ipshared/03f2/hdl/dff.vhd:17]
	Parameter DATA_WIDTH bound to: 32 - type: integer 
INFO: [Synth 8-3491] module 'dff' declared at 'd:/Master_Thesis/Vivado/HwProj/HwProj.srcs/sources_1/bd/design_1/ipshared/03f2/hdl/dff.vhd:4' bound to instance 'ddfx' of component 'dff' [d:/Master_Thesis/Vivado/HwProj/HwProj.srcs/sources_1/bd/design_1/ipshared/03f2/hdl/data_buffer.vhd:192]
	Parameter DATA_WIDTH bound to: 32 - type: integer 
INFO: [Synth 8-3491] module 'dff' declared at 'd:/Master_Thesis/Vivado/HwProj/HwProj.srcs/sources_1/bd/design_1/ipshared/03f2/hdl/dff.vhd:4' bound to instance 'ddfx' of component 'dff' [d:/Master_Thesis/Vivado/HwProj/HwProj.srcs/sources_1/bd/design_1/ipshared/03f2/hdl/data_buffer.vhd:192]
	Parameter DATA_WIDTH bound to: 32 - type: integer 
INFO: [Synth 8-3491] module 'dff' declared at 'd:/Master_Thesis/Vivado/HwProj/HwProj.srcs/sources_1/bd/design_1/ipshared/03f2/hdl/dff.vhd:4' bound to instance 'ddfx' of component 'dff' [d:/Master_Thesis/Vivado/HwProj/HwProj.srcs/sources_1/bd/design_1/ipshared/03f2/hdl/data_buffer.vhd:192]
	Parameter DATA_WIDTH bound to: 32 - type: integer 
INFO: [Synth 8-3491] module 'dff' declared at 'd:/Master_Thesis/Vivado/HwProj/HwProj.srcs/sources_1/bd/design_1/ipshared/03f2/hdl/dff.vhd:4' bound to instance 'ddfx' of component 'dff' [d:/Master_Thesis/Vivado/HwProj/HwProj.srcs/sources_1/bd/design_1/ipshared/03f2/hdl/data_buffer.vhd:192]
	Parameter DATA_WIDTH bound to: 32 - type: integer 
INFO: [Synth 8-3491] module 'dff' declared at 'd:/Master_Thesis/Vivado/HwProj/HwProj.srcs/sources_1/bd/design_1/ipshared/03f2/hdl/dff.vhd:4' bound to instance 'ddfx' of component 'dff' [d:/Master_Thesis/Vivado/HwProj/HwProj.srcs/sources_1/bd/design_1/ipshared/03f2/hdl/data_buffer.vhd:192]
	Parameter DATA_WIDTH bound to: 32 - type: integer 
INFO: [Synth 8-3491] module 'dff' declared at 'd:/Master_Thesis/Vivado/HwProj/HwProj.srcs/sources_1/bd/design_1/ipshared/03f2/hdl/dff.vhd:4' bound to instance 'ddfx' of component 'dff' [d:/Master_Thesis/Vivado/HwProj/HwProj.srcs/sources_1/bd/design_1/ipshared/03f2/hdl/data_buffer.vhd:192]
	Parameter DATA_WIDTH bound to: 32 - type: integer 
INFO: [Synth 8-3491] module 'dff' declared at 'd:/Master_Thesis/Vivado/HwProj/HwProj.srcs/sources_1/bd/design_1/ipshared/03f2/hdl/dff.vhd:4' bound to instance 'ddfx' of component 'dff' [d:/Master_Thesis/Vivado/HwProj/HwProj.srcs/sources_1/bd/design_1/ipshared/03f2/hdl/data_buffer.vhd:192]
	Parameter DATA_WIDTH bound to: 32 - type: integer 
INFO: [Synth 8-3491] module 'dff' declared at 'd:/Master_Thesis/Vivado/HwProj/HwProj.srcs/sources_1/bd/design_1/ipshared/03f2/hdl/dff.vhd:4' bound to instance 'ddfx' of component 'dff' [d:/Master_Thesis/Vivado/HwProj/HwProj.srcs/sources_1/bd/design_1/ipshared/03f2/hdl/data_buffer.vhd:192]
	Parameter DATA_WIDTH bound to: 32 - type: integer 
INFO: [Synth 8-3491] module 'dff' declared at 'd:/Master_Thesis/Vivado/HwProj/HwProj.srcs/sources_1/bd/design_1/ipshared/03f2/hdl/dff.vhd:4' bound to instance 'ddfx' of component 'dff' [d:/Master_Thesis/Vivado/HwProj/HwProj.srcs/sources_1/bd/design_1/ipshared/03f2/hdl/data_buffer.vhd:192]
	Parameter DATA_WIDTH bound to: 32 - type: integer 
INFO: [Synth 8-3491] module 'dff' declared at 'd:/Master_Thesis/Vivado/HwProj/HwProj.srcs/sources_1/bd/design_1/ipshared/03f2/hdl/dff.vhd:4' bound to instance 'ddfx' of component 'dff' [d:/Master_Thesis/Vivado/HwProj/HwProj.srcs/sources_1/bd/design_1/ipshared/03f2/hdl/data_buffer.vhd:192]
	Parameter DATA_WIDTH bound to: 32 - type: integer 
INFO: [Synth 8-3491] module 'dff' declared at 'd:/Master_Thesis/Vivado/HwProj/HwProj.srcs/sources_1/bd/design_1/ipshared/03f2/hdl/dff.vhd:4' bound to instance 'ddfx' of component 'dff' [d:/Master_Thesis/Vivado/HwProj/HwProj.srcs/sources_1/bd/design_1/ipshared/03f2/hdl/data_buffer.vhd:192]
	Parameter DATA_WIDTH bound to: 32 - type: integer 
INFO: [Synth 8-3491] module 'dff' declared at 'd:/Master_Thesis/Vivado/HwProj/HwProj.srcs/sources_1/bd/design_1/ipshared/03f2/hdl/dff.vhd:4' bound to instance 'ddfx' of component 'dff' [d:/Master_Thesis/Vivado/HwProj/HwProj.srcs/sources_1/bd/design_1/ipshared/03f2/hdl/data_buffer.vhd:192]
	Parameter DATA_WIDTH bound to: 32 - type: integer 
INFO: [Synth 8-3491] module 'dff' declared at 'd:/Master_Thesis/Vivado/HwProj/HwProj.srcs/sources_1/bd/design_1/ipshared/03f2/hdl/dff.vhd:4' bound to instance 'ddfx' of component 'dff' [d:/Master_Thesis/Vivado/HwProj/HwProj.srcs/sources_1/bd/design_1/ipshared/03f2/hdl/data_buffer.vhd:192]
	Parameter DATA_WIDTH bound to: 32 - type: integer 
INFO: [Synth 8-3491] module 'dff' declared at 'd:/Master_Thesis/Vivado/HwProj/HwProj.srcs/sources_1/bd/design_1/ipshared/03f2/hdl/dff.vhd:4' bound to instance 'ddfx' of component 'dff' [d:/Master_Thesis/Vivado/HwProj/HwProj.srcs/sources_1/bd/design_1/ipshared/03f2/hdl/data_buffer.vhd:192]
	Parameter DATA_WIDTH bound to: 32 - type: integer 
INFO: [Synth 8-3491] module 'dff' declared at 'd:/Master_Thesis/Vivado/HwProj/HwProj.srcs/sources_1/bd/design_1/ipshared/03f2/hdl/dff.vhd:4' bound to instance 'ddfx' of component 'dff' [d:/Master_Thesis/Vivado/HwProj/HwProj.srcs/sources_1/bd/design_1/ipshared/03f2/hdl/data_buffer.vhd:192]
	Parameter DATA_WIDTH bound to: 32 - type: integer 
INFO: [Synth 8-3491] module 'dff' declared at 'd:/Master_Thesis/Vivado/HwProj/HwProj.srcs/sources_1/bd/design_1/ipshared/03f2/hdl/dff.vhd:4' bound to instance 'ddfx' of component 'dff' [d:/Master_Thesis/Vivado/HwProj/HwProj.srcs/sources_1/bd/design_1/ipshared/03f2/hdl/data_buffer.vhd:192]
	Parameter DATA_WIDTH bound to: 32 - type: integer 
INFO: [Synth 8-3491] module 'dff' declared at 'd:/Master_Thesis/Vivado/HwProj/HwProj.srcs/sources_1/bd/design_1/ipshared/03f2/hdl/dff.vhd:4' bound to instance 'ddfx' of component 'dff' [d:/Master_Thesis/Vivado/HwProj/HwProj.srcs/sources_1/bd/design_1/ipshared/03f2/hdl/data_buffer.vhd:192]
	Parameter DATA_WIDTH bound to: 32 - type: integer 
INFO: [Synth 8-3491] module 'dff' declared at 'd:/Master_Thesis/Vivado/HwProj/HwProj.srcs/sources_1/bd/design_1/ipshared/03f2/hdl/dff.vhd:4' bound to instance 'ddfx' of component 'dff' [d:/Master_Thesis/Vivado/HwProj/HwProj.srcs/sources_1/bd/design_1/ipshared/03f2/hdl/data_buffer.vhd:192]
	Parameter DATA_WIDTH bound to: 32 - type: integer 
INFO: [Synth 8-3491] module 'dff' declared at 'd:/Master_Thesis/Vivado/HwProj/HwProj.srcs/sources_1/bd/design_1/ipshared/03f2/hdl/dff.vhd:4' bound to instance 'ddfx' of component 'dff' [d:/Master_Thesis/Vivado/HwProj/HwProj.srcs/sources_1/bd/design_1/ipshared/03f2/hdl/data_buffer.vhd:192]
	Parameter DATA_WIDTH bound to: 32 - type: integer 
INFO: [Synth 8-3491] module 'dff' declared at 'd:/Master_Thesis/Vivado/HwProj/HwProj.srcs/sources_1/bd/design_1/ipshared/03f2/hdl/dff.vhd:4' bound to instance 'ddfx' of component 'dff' [d:/Master_Thesis/Vivado/HwProj/HwProj.srcs/sources_1/bd/design_1/ipshared/03f2/hdl/data_buffer.vhd:192]
	Parameter DATA_WIDTH bound to: 32 - type: integer 
INFO: [Synth 8-3491] module 'dff' declared at 'd:/Master_Thesis/Vivado/HwProj/HwProj.srcs/sources_1/bd/design_1/ipshared/03f2/hdl/dff.vhd:4' bound to instance 'ddfx' of component 'dff' [d:/Master_Thesis/Vivado/HwProj/HwProj.srcs/sources_1/bd/design_1/ipshared/03f2/hdl/data_buffer.vhd:192]
	Parameter DATA_WIDTH bound to: 32 - type: integer 
INFO: [Synth 8-3491] module 'dff' declared at 'd:/Master_Thesis/Vivado/HwProj/HwProj.srcs/sources_1/bd/design_1/ipshared/03f2/hdl/dff.vhd:4' bound to instance 'ddfx' of component 'dff' [d:/Master_Thesis/Vivado/HwProj/HwProj.srcs/sources_1/bd/design_1/ipshared/03f2/hdl/data_buffer.vhd:192]
	Parameter DATA_WIDTH bound to: 32 - type: integer 
INFO: [Synth 8-3491] module 'dff' declared at 'd:/Master_Thesis/Vivado/HwProj/HwProj.srcs/sources_1/bd/design_1/ipshared/03f2/hdl/dff.vhd:4' bound to instance 'ddfx' of component 'dff' [d:/Master_Thesis/Vivado/HwProj/HwProj.srcs/sources_1/bd/design_1/ipshared/03f2/hdl/data_buffer.vhd:192]
	Parameter DATA_WIDTH bound to: 32 - type: integer 
INFO: [Synth 8-3491] module 'dff' declared at 'd:/Master_Thesis/Vivado/HwProj/HwProj.srcs/sources_1/bd/design_1/ipshared/03f2/hdl/dff.vhd:4' bound to instance 'ddfx' of component 'dff' [d:/Master_Thesis/Vivado/HwProj/HwProj.srcs/sources_1/bd/design_1/ipshared/03f2/hdl/data_buffer.vhd:192]
	Parameter DATA_WIDTH bound to: 32 - type: integer 
INFO: [Synth 8-3491] module 'dff' declared at 'd:/Master_Thesis/Vivado/HwProj/HwProj.srcs/sources_1/bd/design_1/ipshared/03f2/hdl/dff.vhd:4' bound to instance 'ddfx' of component 'dff' [d:/Master_Thesis/Vivado/HwProj/HwProj.srcs/sources_1/bd/design_1/ipshared/03f2/hdl/data_buffer.vhd:192]
	Parameter DATA_WIDTH bound to: 32 - type: integer 
INFO: [Synth 8-3491] module 'dff' declared at 'd:/Master_Thesis/Vivado/HwProj/HwProj.srcs/sources_1/bd/design_1/ipshared/03f2/hdl/dff.vhd:4' bound to instance 'ddfx' of component 'dff' [d:/Master_Thesis/Vivado/HwProj/HwProj.srcs/sources_1/bd/design_1/ipshared/03f2/hdl/data_buffer.vhd:192]
	Parameter DATA_WIDTH bound to: 32 - type: integer 
INFO: [Synth 8-3491] module 'dff' declared at 'd:/Master_Thesis/Vivado/HwProj/HwProj.srcs/sources_1/bd/design_1/ipshared/03f2/hdl/dff.vhd:4' bound to instance 'ddfx' of component 'dff' [d:/Master_Thesis/Vivado/HwProj/HwProj.srcs/sources_1/bd/design_1/ipshared/03f2/hdl/data_buffer.vhd:192]
	Parameter DATA_WIDTH bound to: 32 - type: integer 
INFO: [Synth 8-3491] module 'dff' declared at 'd:/Master_Thesis/Vivado/HwProj/HwProj.srcs/sources_1/bd/design_1/ipshared/03f2/hdl/dff.vhd:4' bound to instance 'ddfx' of component 'dff' [d:/Master_Thesis/Vivado/HwProj/HwProj.srcs/sources_1/bd/design_1/ipshared/03f2/hdl/data_buffer.vhd:192]
	Parameter DATA_WIDTH bound to: 32 - type: integer 
INFO: [Synth 8-3491] module 'dff' declared at 'd:/Master_Thesis/Vivado/HwProj/HwProj.srcs/sources_1/bd/design_1/ipshared/03f2/hdl/dff.vhd:4' bound to instance 'ddfx' of component 'dff' [d:/Master_Thesis/Vivado/HwProj/HwProj.srcs/sources_1/bd/design_1/ipshared/03f2/hdl/data_buffer.vhd:192]
	Parameter DATA_WIDTH bound to: 32 - type: integer 
INFO: [Synth 8-3491] module 'dff' declared at 'd:/Master_Thesis/Vivado/HwProj/HwProj.srcs/sources_1/bd/design_1/ipshared/03f2/hdl/dff.vhd:4' bound to instance 'ddfx' of component 'dff' [d:/Master_Thesis/Vivado/HwProj/HwProj.srcs/sources_1/bd/design_1/ipshared/03f2/hdl/data_buffer.vhd:192]
	Parameter DATA_WIDTH bound to: 32 - type: integer 
INFO: [Synth 8-3491] module 'dff' declared at 'd:/Master_Thesis/Vivado/HwProj/HwProj.srcs/sources_1/bd/design_1/ipshared/03f2/hdl/dff.vhd:4' bound to instance 'ddfx' of component 'dff' [d:/Master_Thesis/Vivado/HwProj/HwProj.srcs/sources_1/bd/design_1/ipshared/03f2/hdl/data_buffer.vhd:192]
	Parameter DATA_WIDTH bound to: 32 - type: integer 
INFO: [Synth 8-3491] module 'dff' declared at 'd:/Master_Thesis/Vivado/HwProj/HwProj.srcs/sources_1/bd/design_1/ipshared/03f2/hdl/dff.vhd:4' bound to instance 'ddfx' of component 'dff' [d:/Master_Thesis/Vivado/HwProj/HwProj.srcs/sources_1/bd/design_1/ipshared/03f2/hdl/data_buffer.vhd:192]
	Parameter DATA_WIDTH bound to: 32 - type: integer 
INFO: [Synth 8-3491] module 'dff' declared at 'd:/Master_Thesis/Vivado/HwProj/HwProj.srcs/sources_1/bd/design_1/ipshared/03f2/hdl/dff.vhd:4' bound to instance 'ddfx' of component 'dff' [d:/Master_Thesis/Vivado/HwProj/HwProj.srcs/sources_1/bd/design_1/ipshared/03f2/hdl/data_buffer.vhd:192]
	Parameter DATA_WIDTH bound to: 32 - type: integer 
INFO: [Synth 8-3491] module 'dff' declared at 'd:/Master_Thesis/Vivado/HwProj/HwProj.srcs/sources_1/bd/design_1/ipshared/03f2/hdl/dff.vhd:4' bound to instance 'ddfx' of component 'dff' [d:/Master_Thesis/Vivado/HwProj/HwProj.srcs/sources_1/bd/design_1/ipshared/03f2/hdl/data_buffer.vhd:192]
	Parameter DATA_WIDTH bound to: 32 - type: integer 
INFO: [Synth 8-3491] module 'dff' declared at 'd:/Master_Thesis/Vivado/HwProj/HwProj.srcs/sources_1/bd/design_1/ipshared/03f2/hdl/dff.vhd:4' bound to instance 'ddfx' of component 'dff' [d:/Master_Thesis/Vivado/HwProj/HwProj.srcs/sources_1/bd/design_1/ipshared/03f2/hdl/data_buffer.vhd:192]
	Parameter DATA_WIDTH bound to: 32 - type: integer 
INFO: [Synth 8-3491] module 'dff' declared at 'd:/Master_Thesis/Vivado/HwProj/HwProj.srcs/sources_1/bd/design_1/ipshared/03f2/hdl/dff.vhd:4' bound to instance 'ddfx' of component 'dff' [d:/Master_Thesis/Vivado/HwProj/HwProj.srcs/sources_1/bd/design_1/ipshared/03f2/hdl/data_buffer.vhd:192]
	Parameter DATA_WIDTH bound to: 32 - type: integer 
INFO: [Synth 8-3491] module 'dff' declared at 'd:/Master_Thesis/Vivado/HwProj/HwProj.srcs/sources_1/bd/design_1/ipshared/03f2/hdl/dff.vhd:4' bound to instance 'ddfx' of component 'dff' [d:/Master_Thesis/Vivado/HwProj/HwProj.srcs/sources_1/bd/design_1/ipshared/03f2/hdl/data_buffer.vhd:192]
	Parameter DATA_WIDTH bound to: 32 - type: integer 
INFO: [Synth 8-3491] module 'dff' declared at 'd:/Master_Thesis/Vivado/HwProj/HwProj.srcs/sources_1/bd/design_1/ipshared/03f2/hdl/dff.vhd:4' bound to instance 'ddfx' of component 'dff' [d:/Master_Thesis/Vivado/HwProj/HwProj.srcs/sources_1/bd/design_1/ipshared/03f2/hdl/data_buffer.vhd:192]
	Parameter DATA_WIDTH bound to: 32 - type: integer 
INFO: [Synth 8-3491] module 'dff' declared at 'd:/Master_Thesis/Vivado/HwProj/HwProj.srcs/sources_1/bd/design_1/ipshared/03f2/hdl/dff.vhd:4' bound to instance 'ddfx' of component 'dff' [d:/Master_Thesis/Vivado/HwProj/HwProj.srcs/sources_1/bd/design_1/ipshared/03f2/hdl/data_buffer.vhd:192]
	Parameter DATA_WIDTH bound to: 32 - type: integer 
INFO: [Synth 8-3491] module 'dff' declared at 'd:/Master_Thesis/Vivado/HwProj/HwProj.srcs/sources_1/bd/design_1/ipshared/03f2/hdl/dff.vhd:4' bound to instance 'ddfx' of component 'dff' [d:/Master_Thesis/Vivado/HwProj/HwProj.srcs/sources_1/bd/design_1/ipshared/03f2/hdl/data_buffer.vhd:192]
	Parameter DATA_WIDTH bound to: 32 - type: integer 
INFO: [Synth 8-3491] module 'dff' declared at 'd:/Master_Thesis/Vivado/HwProj/HwProj.srcs/sources_1/bd/design_1/ipshared/03f2/hdl/dff.vhd:4' bound to instance 'ddfx' of component 'dff' [d:/Master_Thesis/Vivado/HwProj/HwProj.srcs/sources_1/bd/design_1/ipshared/03f2/hdl/data_buffer.vhd:192]
	Parameter DATA_WIDTH bound to: 32 - type: integer 
INFO: [Synth 8-3491] module 'dff' declared at 'd:/Master_Thesis/Vivado/HwProj/HwProj.srcs/sources_1/bd/design_1/ipshared/03f2/hdl/dff.vhd:4' bound to instance 'ddfx' of component 'dff' [d:/Master_Thesis/Vivado/HwProj/HwProj.srcs/sources_1/bd/design_1/ipshared/03f2/hdl/data_buffer.vhd:192]
	Parameter DATA_WIDTH bound to: 32 - type: integer 
INFO: [Synth 8-3491] module 'dff' declared at 'd:/Master_Thesis/Vivado/HwProj/HwProj.srcs/sources_1/bd/design_1/ipshared/03f2/hdl/dff.vhd:4' bound to instance 'ddfx' of component 'dff' [d:/Master_Thesis/Vivado/HwProj/HwProj.srcs/sources_1/bd/design_1/ipshared/03f2/hdl/data_buffer.vhd:192]
	Parameter DATA_WIDTH bound to: 32 - type: integer 
INFO: [Synth 8-3491] module 'dff' declared at 'd:/Master_Thesis/Vivado/HwProj/HwProj.srcs/sources_1/bd/design_1/ipshared/03f2/hdl/dff.vhd:4' bound to instance 'ddfx' of component 'dff' [d:/Master_Thesis/Vivado/HwProj/HwProj.srcs/sources_1/bd/design_1/ipshared/03f2/hdl/data_buffer.vhd:192]
	Parameter DATA_WIDTH bound to: 32 - type: integer 
INFO: [Synth 8-3491] module 'dff' declared at 'd:/Master_Thesis/Vivado/HwProj/HwProj.srcs/sources_1/bd/design_1/ipshared/03f2/hdl/dff.vhd:4' bound to instance 'ddfx' of component 'dff' [d:/Master_Thesis/Vivado/HwProj/HwProj.srcs/sources_1/bd/design_1/ipshared/03f2/hdl/data_buffer.vhd:192]
	Parameter DATA_WIDTH bound to: 32 - type: integer 
INFO: [Synth 8-3491] module 'dff' declared at 'd:/Master_Thesis/Vivado/HwProj/HwProj.srcs/sources_1/bd/design_1/ipshared/03f2/hdl/dff.vhd:4' bound to instance 'ddfx' of component 'dff' [d:/Master_Thesis/Vivado/HwProj/HwProj.srcs/sources_1/bd/design_1/ipshared/03f2/hdl/data_buffer.vhd:192]
	Parameter DATA_WIDTH bound to: 32 - type: integer 
INFO: [Synth 8-3491] module 'dff' declared at 'd:/Master_Thesis/Vivado/HwProj/HwProj.srcs/sources_1/bd/design_1/ipshared/03f2/hdl/dff.vhd:4' bound to instance 'ddfx' of component 'dff' [d:/Master_Thesis/Vivado/HwProj/HwProj.srcs/sources_1/bd/design_1/ipshared/03f2/hdl/data_buffer.vhd:192]
	Parameter DATA_WIDTH bound to: 32 - type: integer 
INFO: [Synth 8-3491] module 'dff' declared at 'd:/Master_Thesis/Vivado/HwProj/HwProj.srcs/sources_1/bd/design_1/ipshared/03f2/hdl/dff.vhd:4' bound to instance 'ddfx' of component 'dff' [d:/Master_Thesis/Vivado/HwProj/HwProj.srcs/sources_1/bd/design_1/ipshared/03f2/hdl/data_buffer.vhd:192]
	Parameter DATA_WIDTH bound to: 32 - type: integer 
INFO: [Synth 8-3491] module 'dff' declared at 'd:/Master_Thesis/Vivado/HwProj/HwProj.srcs/sources_1/bd/design_1/ipshared/03f2/hdl/dff.vhd:4' bound to instance 'ddfx' of component 'dff' [d:/Master_Thesis/Vivado/HwProj/HwProj.srcs/sources_1/bd/design_1/ipshared/03f2/hdl/data_buffer.vhd:192]
	Parameter DATA_WIDTH bound to: 32 - type: integer 
INFO: [Synth 8-3491] module 'dff' declared at 'd:/Master_Thesis/Vivado/HwProj/HwProj.srcs/sources_1/bd/design_1/ipshared/03f2/hdl/dff.vhd:4' bound to instance 'ddfx' of component 'dff' [d:/Master_Thesis/Vivado/HwProj/HwProj.srcs/sources_1/bd/design_1/ipshared/03f2/hdl/data_buffer.vhd:192]
	Parameter DATA_WIDTH bound to: 32 - type: integer 
INFO: [Synth 8-3491] module 'dff' declared at 'd:/Master_Thesis/Vivado/HwProj/HwProj.srcs/sources_1/bd/design_1/ipshared/03f2/hdl/dff.vhd:4' bound to instance 'ddfx' of component 'dff' [d:/Master_Thesis/Vivado/HwProj/HwProj.srcs/sources_1/bd/design_1/ipshared/03f2/hdl/data_buffer.vhd:192]
	Parameter DATA_WIDTH bound to: 32 - type: integer 
INFO: [Synth 8-3491] module 'dff' declared at 'd:/Master_Thesis/Vivado/HwProj/HwProj.srcs/sources_1/bd/design_1/ipshared/03f2/hdl/dff.vhd:4' bound to instance 'ddfx' of component 'dff' [d:/Master_Thesis/Vivado/HwProj/HwProj.srcs/sources_1/bd/design_1/ipshared/03f2/hdl/data_buffer.vhd:192]
	Parameter DATA_WIDTH bound to: 32 - type: integer 
INFO: [Synth 8-3491] module 'dff' declared at 'd:/Master_Thesis/Vivado/HwProj/HwProj.srcs/sources_1/bd/design_1/ipshared/03f2/hdl/dff.vhd:4' bound to instance 'ddfx' of component 'dff' [d:/Master_Thesis/Vivado/HwProj/HwProj.srcs/sources_1/bd/design_1/ipshared/03f2/hdl/data_buffer.vhd:192]
	Parameter DATA_WIDTH bound to: 32 - type: integer 
INFO: [Synth 8-3491] module 'dff' declared at 'd:/Master_Thesis/Vivado/HwProj/HwProj.srcs/sources_1/bd/design_1/ipshared/03f2/hdl/dff.vhd:4' bound to instance 'ddfx' of component 'dff' [d:/Master_Thesis/Vivado/HwProj/HwProj.srcs/sources_1/bd/design_1/ipshared/03f2/hdl/data_buffer.vhd:192]
	Parameter DATA_WIDTH bound to: 32 - type: integer 
INFO: [Synth 8-3491] module 'dff' declared at 'd:/Master_Thesis/Vivado/HwProj/HwProj.srcs/sources_1/bd/design_1/ipshared/03f2/hdl/dff.vhd:4' bound to instance 'ddfx' of component 'dff' [d:/Master_Thesis/Vivado/HwProj/HwProj.srcs/sources_1/bd/design_1/ipshared/03f2/hdl/data_buffer.vhd:192]
	Parameter DATA_WIDTH bound to: 32 - type: integer 
INFO: [Synth 8-3491] module 'dff' declared at 'd:/Master_Thesis/Vivado/HwProj/HwProj.srcs/sources_1/bd/design_1/ipshared/03f2/hdl/dff.vhd:4' bound to instance 'ddfx' of component 'dff' [d:/Master_Thesis/Vivado/HwProj/HwProj.srcs/sources_1/bd/design_1/ipshared/03f2/hdl/data_buffer.vhd:192]
	Parameter DATA_WIDTH bound to: 32 - type: integer 
INFO: [Synth 8-3491] module 'dff' declared at 'd:/Master_Thesis/Vivado/HwProj/HwProj.srcs/sources_1/bd/design_1/ipshared/03f2/hdl/dff.vhd:4' bound to instance 'ddfx' of component 'dff' [d:/Master_Thesis/Vivado/HwProj/HwProj.srcs/sources_1/bd/design_1/ipshared/03f2/hdl/data_buffer.vhd:192]
	Parameter DATA_WIDTH bound to: 32 - type: integer 
INFO: [Synth 8-3491] module 'dff' declared at 'd:/Master_Thesis/Vivado/HwProj/HwProj.srcs/sources_1/bd/design_1/ipshared/03f2/hdl/dff.vhd:4' bound to instance 'ddfx' of component 'dff' [d:/Master_Thesis/Vivado/HwProj/HwProj.srcs/sources_1/bd/design_1/ipshared/03f2/hdl/data_buffer.vhd:192]
	Parameter DATA_WIDTH bound to: 32 - type: integer 
INFO: [Synth 8-3491] module 'dff' declared at 'd:/Master_Thesis/Vivado/HwProj/HwProj.srcs/sources_1/bd/design_1/ipshared/03f2/hdl/dff.vhd:4' bound to instance 'ddfx' of component 'dff' [d:/Master_Thesis/Vivado/HwProj/HwProj.srcs/sources_1/bd/design_1/ipshared/03f2/hdl/data_buffer.vhd:192]
	Parameter DATA_WIDTH bound to: 32 - type: integer 
INFO: [Synth 8-3491] module 'dff' declared at 'd:/Master_Thesis/Vivado/HwProj/HwProj.srcs/sources_1/bd/design_1/ipshared/03f2/hdl/dff.vhd:4' bound to instance 'ddfx' of component 'dff' [d:/Master_Thesis/Vivado/HwProj/HwProj.srcs/sources_1/bd/design_1/ipshared/03f2/hdl/data_buffer.vhd:192]
	Parameter DATA_WIDTH bound to: 32 - type: integer 
INFO: [Synth 8-3491] module 'dff' declared at 'd:/Master_Thesis/Vivado/HwProj/HwProj.srcs/sources_1/bd/design_1/ipshared/03f2/hdl/dff.vhd:4' bound to instance 'ddfx' of component 'dff' [d:/Master_Thesis/Vivado/HwProj/HwProj.srcs/sources_1/bd/design_1/ipshared/03f2/hdl/data_buffer.vhd:192]
	Parameter DATA_WIDTH bound to: 32 - type: integer 
INFO: [Synth 8-3491] module 'dff' declared at 'd:/Master_Thesis/Vivado/HwProj/HwProj.srcs/sources_1/bd/design_1/ipshared/03f2/hdl/dff.vhd:4' bound to instance 'ddfx' of component 'dff' [d:/Master_Thesis/Vivado/HwProj/HwProj.srcs/sources_1/bd/design_1/ipshared/03f2/hdl/data_buffer.vhd:192]
	Parameter DATA_WIDTH bound to: 32 - type: integer 
INFO: [Synth 8-3491] module 'dff' declared at 'd:/Master_Thesis/Vivado/HwProj/HwProj.srcs/sources_1/bd/design_1/ipshared/03f2/hdl/dff.vhd:4' bound to instance 'ddfx' of component 'dff' [d:/Master_Thesis/Vivado/HwProj/HwProj.srcs/sources_1/bd/design_1/ipshared/03f2/hdl/data_buffer.vhd:192]
	Parameter DATA_WIDTH bound to: 32 - type: integer 
INFO: [Synth 8-3491] module 'dff' declared at 'd:/Master_Thesis/Vivado/HwProj/HwProj.srcs/sources_1/bd/design_1/ipshared/03f2/hdl/dff.vhd:4' bound to instance 'ddfx' of component 'dff' [d:/Master_Thesis/Vivado/HwProj/HwProj.srcs/sources_1/bd/design_1/ipshared/03f2/hdl/data_buffer.vhd:192]
	Parameter DATA_WIDTH bound to: 32 - type: integer 
INFO: [Synth 8-3491] module 'dff' declared at 'd:/Master_Thesis/Vivado/HwProj/HwProj.srcs/sources_1/bd/design_1/ipshared/03f2/hdl/dff.vhd:4' bound to instance 'ddfx' of component 'dff' [d:/Master_Thesis/Vivado/HwProj/HwProj.srcs/sources_1/bd/design_1/ipshared/03f2/hdl/data_buffer.vhd:192]
	Parameter DATA_WIDTH bound to: 32 - type: integer 
INFO: [Synth 8-3491] module 'dff' declared at 'd:/Master_Thesis/Vivado/HwProj/HwProj.srcs/sources_1/bd/design_1/ipshared/03f2/hdl/dff.vhd:4' bound to instance 'ddfx' of component 'dff' [d:/Master_Thesis/Vivado/HwProj/HwProj.srcs/sources_1/bd/design_1/ipshared/03f2/hdl/data_buffer.vhd:192]
	Parameter DATA_WIDTH bound to: 32 - type: integer 
INFO: [Synth 8-3491] module 'dff' declared at 'd:/Master_Thesis/Vivado/HwProj/HwProj.srcs/sources_1/bd/design_1/ipshared/03f2/hdl/dff.vhd:4' bound to instance 'ddfx' of component 'dff' [d:/Master_Thesis/Vivado/HwProj/HwProj.srcs/sources_1/bd/design_1/ipshared/03f2/hdl/data_buffer.vhd:192]
	Parameter DATA_WIDTH bound to: 32 - type: integer 
INFO: [Synth 8-3491] module 'dff' declared at 'd:/Master_Thesis/Vivado/HwProj/HwProj.srcs/sources_1/bd/design_1/ipshared/03f2/hdl/dff.vhd:4' bound to instance 'ddfx' of component 'dff' [d:/Master_Thesis/Vivado/HwProj/HwProj.srcs/sources_1/bd/design_1/ipshared/03f2/hdl/data_buffer.vhd:192]
	Parameter DATA_WIDTH bound to: 32 - type: integer 
INFO: [Synth 8-3491] module 'dff' declared at 'd:/Master_Thesis/Vivado/HwProj/HwProj.srcs/sources_1/bd/design_1/ipshared/03f2/hdl/dff.vhd:4' bound to instance 'ddfx' of component 'dff' [d:/Master_Thesis/Vivado/HwProj/HwProj.srcs/sources_1/bd/design_1/ipshared/03f2/hdl/data_buffer.vhd:192]
	Parameter DATA_WIDTH bound to: 32 - type: integer 
INFO: [Synth 8-3491] module 'dff' declared at 'd:/Master_Thesis/Vivado/HwProj/HwProj.srcs/sources_1/bd/design_1/ipshared/03f2/hdl/dff.vhd:4' bound to instance 'ddfx' of component 'dff' [d:/Master_Thesis/Vivado/HwProj/HwProj.srcs/sources_1/bd/design_1/ipshared/03f2/hdl/data_buffer.vhd:192]
	Parameter DATA_WIDTH bound to: 32 - type: integer 
INFO: [Synth 8-3491] module 'dff' declared at 'd:/Master_Thesis/Vivado/HwProj/HwProj.srcs/sources_1/bd/design_1/ipshared/03f2/hdl/dff.vhd:4' bound to instance 'ddfx' of component 'dff' [d:/Master_Thesis/Vivado/HwProj/HwProj.srcs/sources_1/bd/design_1/ipshared/03f2/hdl/data_buffer.vhd:192]
	Parameter DATA_WIDTH bound to: 32 - type: integer 
INFO: [Synth 8-3491] module 'dff' declared at 'd:/Master_Thesis/Vivado/HwProj/HwProj.srcs/sources_1/bd/design_1/ipshared/03f2/hdl/dff.vhd:4' bound to instance 'ddfx' of component 'dff' [d:/Master_Thesis/Vivado/HwProj/HwProj.srcs/sources_1/bd/design_1/ipshared/03f2/hdl/data_buffer.vhd:192]
	Parameter DATA_WIDTH bound to: 32 - type: integer 
INFO: [Synth 8-3491] module 'dff' declared at 'd:/Master_Thesis/Vivado/HwProj/HwProj.srcs/sources_1/bd/design_1/ipshared/03f2/hdl/dff.vhd:4' bound to instance 'ddfx' of component 'dff' [d:/Master_Thesis/Vivado/HwProj/HwProj.srcs/sources_1/bd/design_1/ipshared/03f2/hdl/data_buffer.vhd:192]
	Parameter DATA_WIDTH bound to: 32 - type: integer 
INFO: [Synth 8-3491] module 'dff' declared at 'd:/Master_Thesis/Vivado/HwProj/HwProj.srcs/sources_1/bd/design_1/ipshared/03f2/hdl/dff.vhd:4' bound to instance 'ddfx' of component 'dff' [d:/Master_Thesis/Vivado/HwProj/HwProj.srcs/sources_1/bd/design_1/ipshared/03f2/hdl/data_buffer.vhd:192]
	Parameter DATA_WIDTH bound to: 32 - type: integer 
INFO: [Synth 8-3491] module 'dff' declared at 'd:/Master_Thesis/Vivado/HwProj/HwProj.srcs/sources_1/bd/design_1/ipshared/03f2/hdl/dff.vhd:4' bound to instance 'ddfx' of component 'dff' [d:/Master_Thesis/Vivado/HwProj/HwProj.srcs/sources_1/bd/design_1/ipshared/03f2/hdl/data_buffer.vhd:192]
	Parameter DATA_WIDTH bound to: 32 - type: integer 
INFO: [Synth 8-3491] module 'dff' declared at 'd:/Master_Thesis/Vivado/HwProj/HwProj.srcs/sources_1/bd/design_1/ipshared/03f2/hdl/dff.vhd:4' bound to instance 'ddfx' of component 'dff' [d:/Master_Thesis/Vivado/HwProj/HwProj.srcs/sources_1/bd/design_1/ipshared/03f2/hdl/data_buffer.vhd:192]
	Parameter DATA_WIDTH bound to: 32 - type: integer 
INFO: [Synth 8-3491] module 'dff' declared at 'd:/Master_Thesis/Vivado/HwProj/HwProj.srcs/sources_1/bd/design_1/ipshared/03f2/hdl/dff.vhd:4' bound to instance 'ddfx' of component 'dff' [d:/Master_Thesis/Vivado/HwProj/HwProj.srcs/sources_1/bd/design_1/ipshared/03f2/hdl/data_buffer.vhd:192]
	Parameter DATA_WIDTH bound to: 32 - type: integer 
INFO: [Synth 8-3491] module 'dff' declared at 'd:/Master_Thesis/Vivado/HwProj/HwProj.srcs/sources_1/bd/design_1/ipshared/03f2/hdl/dff.vhd:4' bound to instance 'ddfx' of component 'dff' [d:/Master_Thesis/Vivado/HwProj/HwProj.srcs/sources_1/bd/design_1/ipshared/03f2/hdl/data_buffer.vhd:192]
	Parameter DATA_WIDTH bound to: 32 - type: integer 
INFO: [Synth 8-3491] module 'dff' declared at 'd:/Master_Thesis/Vivado/HwProj/HwProj.srcs/sources_1/bd/design_1/ipshared/03f2/hdl/dff.vhd:4' bound to instance 'ddfx' of component 'dff' [d:/Master_Thesis/Vivado/HwProj/HwProj.srcs/sources_1/bd/design_1/ipshared/03f2/hdl/data_buffer.vhd:192]
	Parameter DATA_WIDTH bound to: 32 - type: integer 
INFO: [Synth 8-3491] module 'dff' declared at 'd:/Master_Thesis/Vivado/HwProj/HwProj.srcs/sources_1/bd/design_1/ipshared/03f2/hdl/dff.vhd:4' bound to instance 'ddfx' of component 'dff' [d:/Master_Thesis/Vivado/HwProj/HwProj.srcs/sources_1/bd/design_1/ipshared/03f2/hdl/data_buffer.vhd:192]
	Parameter DATA_WIDTH bound to: 32 - type: integer 
INFO: [Synth 8-3491] module 'dff' declared at 'd:/Master_Thesis/Vivado/HwProj/HwProj.srcs/sources_1/bd/design_1/ipshared/03f2/hdl/dff.vhd:4' bound to instance 'ddfx' of component 'dff' [d:/Master_Thesis/Vivado/HwProj/HwProj.srcs/sources_1/bd/design_1/ipshared/03f2/hdl/data_buffer.vhd:192]
	Parameter DATA_WIDTH bound to: 32 - type: integer 
INFO: [Synth 8-3491] module 'dff' declared at 'd:/Master_Thesis/Vivado/HwProj/HwProj.srcs/sources_1/bd/design_1/ipshared/03f2/hdl/dff.vhd:4' bound to instance 'ddfx' of component 'dff' [d:/Master_Thesis/Vivado/HwProj/HwProj.srcs/sources_1/bd/design_1/ipshared/03f2/hdl/data_buffer.vhd:192]
	Parameter DATA_WIDTH bound to: 32 - type: integer 
INFO: [Synth 8-3491] module 'dff' declared at 'd:/Master_Thesis/Vivado/HwProj/HwProj.srcs/sources_1/bd/design_1/ipshared/03f2/hdl/dff.vhd:4' bound to instance 'ddfx' of component 'dff' [d:/Master_Thesis/Vivado/HwProj/HwProj.srcs/sources_1/bd/design_1/ipshared/03f2/hdl/data_buffer.vhd:192]
	Parameter DATA_WIDTH bound to: 32 - type: integer 
INFO: [Synth 8-3491] module 'dff' declared at 'd:/Master_Thesis/Vivado/HwProj/HwProj.srcs/sources_1/bd/design_1/ipshared/03f2/hdl/dff.vhd:4' bound to instance 'ddfx' of component 'dff' [d:/Master_Thesis/Vivado/HwProj/HwProj.srcs/sources_1/bd/design_1/ipshared/03f2/hdl/data_buffer.vhd:192]
	Parameter DATA_WIDTH bound to: 32 - type: integer 
INFO: [Synth 8-3491] module 'dff' declared at 'd:/Master_Thesis/Vivado/HwProj/HwProj.srcs/sources_1/bd/design_1/ipshared/03f2/hdl/dff.vhd:4' bound to instance 'ddfx' of component 'dff' [d:/Master_Thesis/Vivado/HwProj/HwProj.srcs/sources_1/bd/design_1/ipshared/03f2/hdl/data_buffer.vhd:192]
	Parameter DATA_WIDTH bound to: 32 - type: integer 
INFO: [Synth 8-3491] module 'dff' declared at 'd:/Master_Thesis/Vivado/HwProj/HwProj.srcs/sources_1/bd/design_1/ipshared/03f2/hdl/dff.vhd:4' bound to instance 'ddfx' of component 'dff' [d:/Master_Thesis/Vivado/HwProj/HwProj.srcs/sources_1/bd/design_1/ipshared/03f2/hdl/data_buffer.vhd:192]
	Parameter DATA_WIDTH bound to: 32 - type: integer 
INFO: [Synth 8-3491] module 'dff' declared at 'd:/Master_Thesis/Vivado/HwProj/HwProj.srcs/sources_1/bd/design_1/ipshared/03f2/hdl/dff.vhd:4' bound to instance 'ddfx' of component 'dff' [d:/Master_Thesis/Vivado/HwProj/HwProj.srcs/sources_1/bd/design_1/ipshared/03f2/hdl/data_buffer.vhd:192]
	Parameter DATA_WIDTH bound to: 32 - type: integer 
INFO: [Synth 8-3491] module 'dff' declared at 'd:/Master_Thesis/Vivado/HwProj/HwProj.srcs/sources_1/bd/design_1/ipshared/03f2/hdl/dff.vhd:4' bound to instance 'ddfx' of component 'dff' [d:/Master_Thesis/Vivado/HwProj/HwProj.srcs/sources_1/bd/design_1/ipshared/03f2/hdl/data_buffer.vhd:192]
	Parameter DATA_WIDTH bound to: 32 - type: integer 
INFO: [Synth 8-3491] module 'dff' declared at 'd:/Master_Thesis/Vivado/HwProj/HwProj.srcs/sources_1/bd/design_1/ipshared/03f2/hdl/dff.vhd:4' bound to instance 'ddfx' of component 'dff' [d:/Master_Thesis/Vivado/HwProj/HwProj.srcs/sources_1/bd/design_1/ipshared/03f2/hdl/data_buffer.vhd:192]
	Parameter DATA_WIDTH bound to: 32 - type: integer 
INFO: [Synth 8-3491] module 'dff' declared at 'd:/Master_Thesis/Vivado/HwProj/HwProj.srcs/sources_1/bd/design_1/ipshared/03f2/hdl/dff.vhd:4' bound to instance 'ddfx' of component 'dff' [d:/Master_Thesis/Vivado/HwProj/HwProj.srcs/sources_1/bd/design_1/ipshared/03f2/hdl/data_buffer.vhd:192]
	Parameter DATA_WIDTH bound to: 32 - type: integer 
INFO: [Synth 8-3491] module 'dff' declared at 'd:/Master_Thesis/Vivado/HwProj/HwProj.srcs/sources_1/bd/design_1/ipshared/03f2/hdl/dff.vhd:4' bound to instance 'ddfx' of component 'dff' [d:/Master_Thesis/Vivado/HwProj/HwProj.srcs/sources_1/bd/design_1/ipshared/03f2/hdl/data_buffer.vhd:192]
INFO: [Common 17-14] Message 'Synth 8-3491' appears 100 times and further instances of the messages will be disabled. Use the Tcl command set_msg_config to change the current settings.
	Parameter DATA_WIDTH bound to: 32 - type: integer 
	Parameter DATA_WIDTH bound to: 32 - type: integer 
	Parameter DATA_WIDTH bound to: 32 - type: integer 
	Parameter DATA_WIDTH bound to: 32 - type: integer 
	Parameter DATA_WIDTH bound to: 32 - type: integer 
	Parameter DATA_WIDTH bound to: 32 - type: integer 
	Parameter DATA_WIDTH bound to: 32 - type: integer 
	Parameter DATA_WIDTH bound to: 32 - type: integer 
	Parameter DATA_WIDTH bound to: 32 - type: integer 
	Parameter DATA_WIDTH bound to: 32 - type: integer 
	Parameter DATA_WIDTH bound to: 32 - type: integer 
	Parameter DATA_WIDTH bound to: 32 - type: integer 
	Parameter DATA_WIDTH bound to: 32 - type: integer 
	Parameter DATA_WIDTH bound to: 32 - type: integer 
	Parameter DATA_WIDTH bound to: 32 - type: integer 
	Parameter DATA_WIDTH bound to: 32 - type: integer 
	Parameter DATA_WIDTH bound to: 32 - type: integer 
	Parameter DATA_WIDTH bound to: 32 - type: integer 
	Parameter DATA_WIDTH bound to: 32 - type: integer 
	Parameter DATA_WIDTH bound to: 32 - type: integer 
	Parameter DATA_WIDTH bound to: 32 - type: integer 
	Parameter DATA_WIDTH bound to: 32 - type: integer 
	Parameter DATA_WIDTH bound to: 32 - type: integer 
	Parameter DATA_WIDTH bound to: 32 - type: integer 
	Parameter DATA_WIDTH bound to: 32 - type: integer 
	Parameter DATA_WIDTH bound to: 32 - type: integer 
	Parameter DATA_WIDTH bound to: 32 - type: integer 
	Parameter DATA_WIDTH bound to: 32 - type: integer 
	Parameter DATA_WIDTH bound to: 32 - type: integer 
	Parameter DATA_WIDTH bound to: 32 - type: integer 
	Parameter DATA_WIDTH bound to: 32 - type: integer 
	Parameter DATA_WIDTH bound to: 32 - type: integer 
	Parameter DATA_WIDTH bound to: 32 - type: integer 
	Parameter DATA_WIDTH bound to: 32 - type: integer 
	Parameter DATA_WIDTH bound to: 32 - type: integer 
	Parameter DATA_WIDTH bound to: 32 - type: integer 
	Parameter DATA_WIDTH bound to: 32 - type: integer 
	Parameter DATA_WIDTH bound to: 32 - type: integer 
	Parameter DATA_WIDTH bound to: 32 - type: integer 
	Parameter DATA_WIDTH bound to: 32 - type: integer 
	Parameter DATA_WIDTH bound to: 32 - type: integer 
	Parameter DATA_WIDTH bound to: 32 - type: integer 
	Parameter DATA_WIDTH bound to: 32 - type: integer 
	Parameter DATA_WIDTH bound to: 32 - type: integer 
	Parameter DATA_WIDTH bound to: 32 - type: integer 
	Parameter DATA_WIDTH bound to: 32 - type: integer 
	Parameter DATA_WIDTH bound to: 32 - type: integer 
	Parameter DATA_WIDTH bound to: 32 - type: integer 
	Parameter DATA_WIDTH bound to: 32 - type: integer 
	Parameter DATA_WIDTH bound to: 32 - type: integer 
	Parameter DATA_WIDTH bound to: 32 - type: integer 
	Parameter DATA_WIDTH bound to: 32 - type: integer 
	Parameter DATA_WIDTH bound to: 32 - type: integer 
	Parameter DATA_WIDTH bound to: 32 - type: integer 
	Parameter DATA_WIDTH bound to: 32 - type: integer 
	Parameter DATA_WIDTH bound to: 32 - type: integer 
	Parameter DATA_WIDTH bound to: 32 - type: integer 
	Parameter DATA_WIDTH bound to: 32 - type: integer 
	Parameter DATA_WIDTH bound to: 32 - type: integer 
	Parameter DATA_WIDTH bound to: 32 - type: integer 
	Parameter DATA_WIDTH bound to: 32 - type: integer 
	Parameter DATA_WIDTH bound to: 32 - type: integer 
	Parameter DATA_WIDTH bound to: 32 - type: integer 
	Parameter DATA_WIDTH bound to: 32 - type: integer 
	Parameter DATA_WIDTH bound to: 32 - type: integer 
	Parameter DATA_WIDTH bound to: 32 - type: integer 
	Parameter DATA_WIDTH bound to: 32 - type: integer 
	Parameter DATA_WIDTH bound to: 32 - type: integer 
INFO: [Synth 8-256] done synthesizing module 'data_buffer' (7#1) [d:/Master_Thesis/Vivado/HwProj/HwProj.srcs/sources_1/bd/design_1/ipshared/03f2/hdl/data_buffer.vhd:44]
	Parameter DATA_WIDTH bound to: 32 - type: integer 
	Parameter MAX_COMPUTE_BYTE bound to: 25 - type: integer 
INFO: [Synth 8-638] synthesizing module 'ALU' [d:/Master_Thesis/Vivado/HwProj/HwProj.srcs/sources_1/bd/design_1/ipshared/03f2/hdl/ALU.vhd:34]
	Parameter DATA_WIDTH bound to: 32 - type: integer 
	Parameter MAX_COMPUTE_BYTE bound to: 25 - type: integer 
INFO: [Synth 8-256] done synthesizing module 'ALU' (8#1) [d:/Master_Thesis/Vivado/HwProj/HwProj.srcs/sources_1/bd/design_1/ipshared/03f2/hdl/ALU.vhd:34]
	Parameter DATA_WIDTH bound to: 32 - type: integer 
	Parameter MAX_COMPUTE_BYTE bound to: 25 - type: integer 
	Parameter INPUT_SIZE_BIT_WIDTH bound to: 16 - type: integer 
	Parameter INPUT_DEPTH_BIT_WIDTH bound to: 13 - type: integer 
	Parameter STRIDE_BIT_WIDTH bound to: 3 - type: integer 
	Parameter KERNEL_DEPTH_BIT_WIDTH bound to: 13 - type: integer 
	Parameter KERNEL_SIZE_BIT_WIDTH bound to: 8 - type: integer 
	Parameter OUTPUT_SIZE_BIT_WIDTH bound to: 16 - type: integer 
	Parameter MAX_INPUT_SIZE bound to: 32 - type: integer 
	Parameter MAX_KERNEL_SIZE bound to: 5 - type: integer 
	Parameter MAX_COMPUTE_BYTE bound to: 25 - type: integer 
	Parameter MAX_KERNEL_DEPTH bound to: 32 - type: integer 
	Parameter DATA_WIDTH bound to: 32 - type: integer 
INFO: [Synth 8-638] synthesizing module 'ACCU' [d:/Master_Thesis/Vivado/HwProj/HwProj.srcs/sources_1/bd/design_1/ipshared/03f2/hdl/ACCU.vhd:71]
	Parameter INPUT_SIZE_BIT_WIDTH bound to: 16 - type: integer 
	Parameter INPUT_DEPTH_BIT_WIDTH bound to: 13 - type: integer 
	Parameter STRIDE_BIT_WIDTH bound to: 3 - type: integer 
	Parameter KERNEL_DEPTH_BIT_WIDTH bound to: 13 - type: integer 
	Parameter KERNEL_SIZE_BIT_WIDTH bound to: 8 - type: integer 
	Parameter OUTPUT_SIZE_BIT_WIDTH bound to: 16 - type: integer 
	Parameter MAX_INPUT_SIZE bound to: 32 - type: integer 
	Parameter MAX_KERNEL_SIZE bound to: 5 - type: integer 
	Parameter MAX_COMPUTE_BYTE bound to: 25 - type: integer 
	Parameter MAX_KERNEL_DEPTH bound to: 32 - type: integer 
	Parameter DATA_WIDTH bound to: 32 - type: integer 
	Parameter MAX_ADDR_RAM_2D_ADDR_WIDTH bound to: 15 - type: integer 
	Parameter ROW_BIT_WIDTH bound to: 5 - type: integer 
	Parameter COL_BIT_WIDTH bound to: 10 - type: integer 
	Parameter RAM_DEPTH bound to: 16384 - type: integer 
	Parameter DATA_WIDTH bound to: 64 - type: integer 
	Parameter MEM_DEPTH bound to: 16384 - type: integer 
	Parameter ADDR_WIDTH bound to: 15 - type: integer 
INFO: [Synth 8-638] synthesizing module 'BRAM_SP' [d:/Master_Thesis/Vivado/HwProj/HwProj.srcs/sources_1/bd/design_1/ipshared/03f2/hdl/BRAM_SP.vhd:23]
	Parameter DATA_WIDTH bound to: 64 - type: integer 
	Parameter MEM_DEPTH bound to: 16384 - type: integer 
	Parameter ADDR_WIDTH bound to: 15 - type: integer 
INFO: [Synth 8-256] done synthesizing module 'BRAM_SP' (9#1) [d:/Master_Thesis/Vivado/HwProj/HwProj.srcs/sources_1/bd/design_1/ipshared/03f2/hdl/BRAM_SP.vhd:23]
INFO: [Synth 8-256] done synthesizing module 'ACCU' (10#1) [d:/Master_Thesis/Vivado/HwProj/HwProj.srcs/sources_1/bd/design_1/ipshared/03f2/hdl/ACCU.vhd:71]
INFO: [Synth 8-256] done synthesizing module 'ConvAccelerator' (11#1) [d:/Master_Thesis/Vivado/HwProj/HwProj.srcs/sources_1/bd/design_1/ipshared/03f2/hdl/ConvAccelerator.vhd:103]
INFO: [Synth 8-256] done synthesizing module 'design_1_ConvAccelerator_0_9' (12#1) [d:/Master_Thesis/Vivado/HwProj/HwProj.srcs/sources_1/bd/design_1/ip/design_1_ConvAccelerator_0_9/synth/design_1_ConvAccelerator_0_9.vhd:92]
---------------------------------------------------------------------------------
Finished RTL Elaboration : Time (s): cpu = 00:00:06 ; elapsed = 00:00:06 . Memory (MB): peak = 1128.105 ; gain = 50.137
---------------------------------------------------------------------------------
---------------------------------------------------------------------------------
Start Handling Custom Attributes
---------------------------------------------------------------------------------
---------------------------------------------------------------------------------
Finished Handling Custom Attributes : Time (s): cpu = 00:00:06 ; elapsed = 00:00:07 . Memory (MB): peak = 1128.105 ; gain = 50.137
---------------------------------------------------------------------------------
---------------------------------------------------------------------------------
Finished RTL Optimization Phase 1 : Time (s): cpu = 00:00:06 ; elapsed = 00:00:07 . Memory (MB): peak = 1128.105 ; gain = 50.137
---------------------------------------------------------------------------------
Netlist sorting complete. Time (s): cpu = 00:00:00 ; elapsed = 00:00:00.245 . Memory (MB): peak = 1128.105 ; gain = 0.000
INFO: [Project 1-570] Preparing netlist for logic optimization

Processing XDC Constraints
Initializing timing engine
Parsing XDC File [d:/Master_Thesis/Vivado/HwProj/HwProj.srcs/sources_1/bd/design_1/constrs_1/new/my_constrain.xdc] for cell 'U0'
INFO: [Vivado 12-2286] Implicit search of objects for pattern 'MyAccelerator_v2_0_S00_AXI_inst/slv_reg0_reg*/C' matched to 'pin' objects. [d:/Master_Thesis/Vivado/HwProj/HwProj.srcs/sources_1/bd/design_1/constrs_1/new/my_constrain.xdc:4]
Resolution: To avoid ambiguous patterns, provide proper objects using get commands e.g. [get_nets xyz].
INFO: [Vivado 12-2286] Implicit search of objects for pattern 'MyAccelerator_v2_0_S00_AXI_inst/slv_reg1_reg*/C' matched to 'pin' objects. [d:/Master_Thesis/Vivado/HwProj/HwProj.srcs/sources_1/bd/design_1/constrs_1/new/my_constrain.xdc:5]
Resolution: To avoid ambiguous patterns, provide proper objects using get commands e.g. [get_nets xyz].
INFO: [Vivado 12-2286] Implicit search of objects for pattern 'MyAccelerator_v2_0_S00_AXI_inst/output_size_reg*/C' matched to 'pin' objects. [d:/Master_Thesis/Vivado/HwProj/HwProj.srcs/sources_1/bd/design_1/constrs_1/new/my_constrain.xdc:6]
Resolution: To avoid ambiguous patterns, provide proper objects using get commands e.g. [get_nets xyz].
Finished Parsing XDC File [d:/Master_Thesis/Vivado/HwProj/HwProj.srcs/sources_1/bd/design_1/constrs_1/new/my_constrain.xdc] for cell 'U0'
INFO: [Project 1-236] Implementation specific constraints were found while reading constraint file [d:/Master_Thesis/Vivado/HwProj/HwProj.srcs/sources_1/bd/design_1/constrs_1/new/my_constrain.xdc]. These constraints will be ignored for synthesis but will be used in implementation. Impacted constraints are listed in the file [.Xil/design_1_ConvAccelerator_0_9_propImpl.xdc].
Resolution: To avoid this warning, move constraints listed in [.Xil/design_1_ConvAccelerator_0_9_propImpl.xdc] to another XDC file and exclude this new file from synthesis with the used_in_synthesis property (File Properties dialog in GUI) and re-run elaboration/synthesis.
Parsing XDC File [D:/Master_Thesis/Vivado/HwProj/HwProj.runs/design_1_ConvAccelerator_0_9_synth_1/dont_touch.xdc]
Finished Parsing XDC File [D:/Master_Thesis/Vivado/HwProj/HwProj.runs/design_1_ConvAccelerator_0_9_synth_1/dont_touch.xdc]
Completed Processing XDC Constraints

Netlist sorting complete. Time (s): cpu = 00:00:00 ; elapsed = 00:00:00.002 . Memory (MB): peak = 1267.992 ; gain = 0.000
INFO: [Project 1-111] Unisim Transformation Summary:
No Unisim elements were transformed.

Constraint Validation Runtime : Time (s): cpu = 00:00:00 ; elapsed = 00:00:00.147 . Memory (MB): peak = 1272.047 ; gain = 4.055
---------------------------------------------------------------------------------
Finished Constraint Validation : Time (s): cpu = 00:00:15 ; elapsed = 00:00:15 . Memory (MB): peak = 1272.047 ; gain = 194.078
---------------------------------------------------------------------------------
---------------------------------------------------------------------------------
Start Loading Part and Timing Information
---------------------------------------------------------------------------------
Loading part: xc7z010clg400-1
---------------------------------------------------------------------------------
Finished Loading Part and Timing Information : Time (s): cpu = 00:00:15 ; elapsed = 00:00:15 . Memory (MB): peak = 1272.047 ; gain = 194.078
---------------------------------------------------------------------------------
---------------------------------------------------------------------------------
Start Applying 'set_property' XDC Constraints
---------------------------------------------------------------------------------
Applied set_property DONT_TOUCH = true for U0. (constraint file  D:/Master_Thesis/Vivado/HwProj/HwProj.runs/design_1_ConvAccelerator_0_9_synth_1/dont_touch.xdc, line 9).
---------------------------------------------------------------------------------
Finished applying 'set_property' XDC Constraints : Time (s): cpu = 00:00:15 ; elapsed = 00:00:15 . Memory (MB): peak = 1272.047 ; gain = 194.078
---------------------------------------------------------------------------------
---------------------------------------------------------------------------------
Finished RTL Optimization Phase 2 : Time (s): cpu = 00:00:23 ; elapsed = 00:00:24 . Memory (MB): peak = 1272.047 ; gain = 194.078
---------------------------------------------------------------------------------
---------------------------------------------------------------------------------
Start RTL Component Statistics 
---------------------------------------------------------------------------------
Detailed RTL Component Info : 
+---Adders : 
	   2 Input   64 Bit       Adders := 8     
	   2 Input   32 Bit       Adders := 2     
	   2 Input   17 Bit       Adders := 1     
	   3 Input   16 Bit       Adders := 1     
	   2 Input   16 Bit       Adders := 3     
	   2 Input   13 Bit       Adders := 5     
	   2 Input   10 Bit       Adders := 1     
	   2 Input    9 Bit       Adders := 2     
	   2 Input    8 Bit       Adders := 9     
	   2 Input    6 Bit       Adders := 1     
	   2 Input    5 Bit       Adders := 1     
+---Registers : 
	               64 Bit    Registers := 23    
	               32 Bit    Registers := 291   
	               16 Bit    Registers := 2     
	               10 Bit    Registers := 1     
	                9 Bit    Registers := 2     
	                8 Bit    Registers := 9     
	                6 Bit    Registers := 1     
	                5 Bit    Registers := 1     
	                4 Bit    Registers := 5     
	                2 Bit    Registers := 3     
	                1 Bit    Registers := 16    
+---Multipliers : 
	              32x32  Multipliers := 10    
+---RAMs : 
	            1024K Bit	(16384 X 64 bit)          RAMs := 1     
+---Muxes : 
	   2 Input  800 Bit        Muxes := 1     
	   2 Input   64 Bit        Muxes := 1     
	   2 Input   32 Bit        Muxes := 192   
	   6 Input   32 Bit        Muxes := 5     
	   2 Input   22 Bit        Muxes := 1     
	   2 Input    9 Bit        Muxes := 4     
	   5 Input    5 Bit        Muxes := 2     
	   2 Input    4 Bit        Muxes := 3     
	   2 Input    3 Bit        Muxes := 3     
	   2 Input    2 Bit        Muxes := 1     
	   5 Input    2 Bit        Muxes := 1     
	   2 Input    1 Bit        Muxes := 45    
	  10 Input    1 Bit        Muxes := 6     
	   4 Input    1 Bit        Muxes := 3     
---------------------------------------------------------------------------------
Finished RTL Component Statistics 
---------------------------------------------------------------------------------
---------------------------------------------------------------------------------
Start Part Resource Summary
---------------------------------------------------------------------------------
Part Resources:
DSPs: 80 (col length:40)
BRAMs: 120 (col length: RAMB18 40 RAMB36 20)
---------------------------------------------------------------------------------
Finished Part Resource Summary
---------------------------------------------------------------------------------
---------------------------------------------------------------------------------
Start Cross Boundary and Area Optimization
---------------------------------------------------------------------------------
DSP Report: Generating DSP minusOp, operation Mode is: (C:0xffffffffffff)+A*B.
DSP Report: operator minusOp is absorbed into DSP minusOp.
DSP Report: operator L is absorbed into DSP minusOp.
DSP Report: Generating DSP minusOp, operation Mode is: (C:0xffffffffffff)+A*B.
DSP Report: operator minusOp is absorbed into DSP minusOp.
DSP Report: operator L is absorbed into DSP minusOp.
DSP Report: Generating DSP m4r_reg, operation Mode is: (A*B)'.
DSP Report: register m4r_reg is absorbed into DSP m4r_reg.
DSP Report: operator m4 is absorbed into DSP m4r_reg.
DSP Report: operator m4 is absorbed into DSP m4r_reg.
DSP Report: Generating DSP m4rp_reg, operation Mode is: (PCIN>>17)+(A*B)'.
DSP Report: register m4rp_reg is absorbed into DSP m4rp_reg.
DSP Report: register m4r_reg is absorbed into DSP m4rp_reg.
DSP Report: operator m4 is absorbed into DSP m4rp_reg.
DSP Report: operator m4 is absorbed into DSP m4rp_reg.
DSP Report: Generating DSP m4, operation Mode is: PCIN+(A2*B2)'.
DSP Report: register m4r_reg is absorbed into DSP m4.
DSP Report: register m4r_reg is absorbed into DSP m4.
DSP Report: register m4rp_reg is absorbed into DSP m4.
DSP Report: operator m4 is absorbed into DSP m4.
DSP Report: operator m4 is absorbed into DSP m4.
DSP Report: Generating DSP m4rpp_reg, operation Mode is: (PCIN>>17)+(A2*B2)'.
DSP Report: register m4r_reg is absorbed into DSP m4rpp_reg.
DSP Report: register m4r_reg is absorbed into DSP m4rpp_reg.
DSP Report: register m4rpp_reg is absorbed into DSP m4rpp_reg.
DSP Report: register m4rp_reg is absorbed into DSP m4rpp_reg.
DSP Report: operator m4 is absorbed into DSP m4rpp_reg.
DSP Report: operator m4 is absorbed into DSP m4rpp_reg.
DSP Report: Generating DSP m3, operation Mode is: A*B.
DSP Report: operator m3 is absorbed into DSP m3.
DSP Report: operator m3 is absorbed into DSP m3.
DSP Report: Generating DSP m3r_reg, operation Mode is: (PCIN>>17)+A*B.
DSP Report: register m3r_reg is absorbed into DSP m3r_reg.
DSP Report: operator m3 is absorbed into DSP m3r_reg.
DSP Report: operator m3 is absorbed into DSP m3r_reg.
DSP Report: Generating DSP m3, operation Mode is: A*B.
DSP Report: operator m3 is absorbed into DSP m3.
DSP Report: operator m3 is absorbed into DSP m3.
DSP Report: Generating DSP m3r_reg, operation Mode is: (PCIN>>17)+A*B.
DSP Report: register m3r_reg is absorbed into DSP m3r_reg.
DSP Report: operator m3 is absorbed into DSP m3r_reg.
DSP Report: operator m3 is absorbed into DSP m3r_reg.
DSP Report: Generating DSP m2, operation Mode is: A*B.
DSP Report: operator m2 is absorbed into DSP m2.
DSP Report: operator m2 is absorbed into DSP m2.
DSP Report: Generating DSP m2r_reg, operation Mode is: (PCIN>>17)+A*B.
DSP Report: register m2r_reg is absorbed into DSP m2r_reg.
DSP Report: operator m2 is absorbed into DSP m2r_reg.
DSP Report: operator m2 is absorbed into DSP m2r_reg.
DSP Report: Generating DSP m2, operation Mode is: A*B.
DSP Report: operator m2 is absorbed into DSP m2.
DSP Report: operator m2 is absorbed into DSP m2.
DSP Report: Generating DSP m2r_reg, operation Mode is: (PCIN>>17)+A*B.
DSP Report: register m2r_reg is absorbed into DSP m2r_reg.
DSP Report: operator m2 is absorbed into DSP m2r_reg.
DSP Report: operator m2 is absorbed into DSP m2r_reg.
DSP Report: Generating DSP m1, operation Mode is: A*B.
DSP Report: operator m1 is absorbed into DSP m1.
DSP Report: operator m1 is absorbed into DSP m1.
DSP Report: Generating DSP m1r_reg, operation Mode is: (PCIN>>17)+A*B.
DSP Report: register m1r_reg is absorbed into DSP m1r_reg.
DSP Report: operator m1 is absorbed into DSP m1r_reg.
DSP Report: operator m1 is absorbed into DSP m1r_reg.
DSP Report: Generating DSP m1, operation Mode is: A*B.
DSP Report: operator m1 is absorbed into DSP m1.
DSP Report: operator m1 is absorbed into DSP m1.
DSP Report: Generating DSP m1r_reg, operation Mode is: (PCIN>>17)+A*B.
DSP Report: register m1r_reg is absorbed into DSP m1r_reg.
DSP Report: operator m1 is absorbed into DSP m1r_reg.
DSP Report: operator m1 is absorbed into DSP m1r_reg.
DSP Report: Generating DSP m0, operation Mode is: A*B.
DSP Report: operator m0 is absorbed into DSP m0.
DSP Report: operator m0 is absorbed into DSP m0.
DSP Report: Generating DSP m0r_reg, operation Mode is: (PCIN>>17)+A*B.
DSP Report: register m0r_reg is absorbed into DSP m0r_reg.
DSP Report: operator m0 is absorbed into DSP m0r_reg.
DSP Report: operator m0 is absorbed into DSP m0r_reg.
DSP Report: Generating DSP m0, operation Mode is: A*B.
DSP Report: operator m0 is absorbed into DSP m0.
DSP Report: operator m0 is absorbed into DSP m0.
DSP Report: Generating DSP m0r_reg, operation Mode is: (PCIN>>17)+A*B.
DSP Report: register m0r_reg is absorbed into DSP m0r_reg.
DSP Report: operator m0 is absorbed into DSP m0r_reg.
DSP Report: operator m0 is absorbed into DSP m0r_reg.
DSP Report: Generating DSP m4r_reg, operation Mode is: (A*B)'.
DSP Report: register m4r_reg is absorbed into DSP m4r_reg.
DSP Report: operator m4 is absorbed into DSP m4r_reg.
DSP Report: operator m4 is absorbed into DSP m4r_reg.
DSP Report: Generating DSP m4rp_reg, operation Mode is: (PCIN>>17)+(A*B)'.
DSP Report: register m4rp_reg is absorbed into DSP m4rp_reg.
DSP Report: register m4r_reg is absorbed into DSP m4rp_reg.
DSP Report: operator m4 is absorbed into DSP m4rp_reg.
DSP Report: operator m4 is absorbed into DSP m4rp_reg.
DSP Report: Generating DSP m4, operation Mode is: PCIN+(A2*B2)'.
DSP Report: register m4r_reg is absorbed into DSP m4.
DSP Report: register m4r_reg is absorbed into DSP m4.
DSP Report: register m4rp_reg is absorbed into DSP m4.
DSP Report: operator m4 is absorbed into DSP m4.
DSP Report: operator m4 is absorbed into DSP m4.
DSP Report: Generating DSP m4rpp_reg, operation Mode is: (PCIN>>17)+(A2*B2)'.
DSP Report: register m4r_reg is absorbed into DSP m4rpp_reg.
DSP Report: register m4r_reg is absorbed into DSP m4rpp_reg.
DSP Report: register m4rpp_reg is absorbed into DSP m4rpp_reg.
DSP Report: register m4rp_reg is absorbed into DSP m4rpp_reg.
DSP Report: operator m4 is absorbed into DSP m4rpp_reg.
DSP Report: operator m4 is absorbed into DSP m4rpp_reg.
DSP Report: Generating DSP m3, operation Mode is: A*B.
DSP Report: operator m3 is absorbed into DSP m3.
DSP Report: operator m3 is absorbed into DSP m3.
DSP Report: Generating DSP m3r_reg, operation Mode is: (PCIN>>17)+A*B.
DSP Report: register m3r_reg is absorbed into DSP m3r_reg.
DSP Report: operator m3 is absorbed into DSP m3r_reg.
DSP Report: operator m3 is absorbed into DSP m3r_reg.
DSP Report: Generating DSP m3, operation Mode is: A*B.
DSP Report: operator m3 is absorbed into DSP m3.
DSP Report: operator m3 is absorbed into DSP m3.
DSP Report: Generating DSP m3r_reg, operation Mode is: (PCIN>>17)+A*B.
DSP Report: register m3r_reg is absorbed into DSP m3r_reg.
DSP Report: operator m3 is absorbed into DSP m3r_reg.
DSP Report: operator m3 is absorbed into DSP m3r_reg.
DSP Report: Generating DSP m2, operation Mode is: A*B.
DSP Report: operator m2 is absorbed into DSP m2.
DSP Report: operator m2 is absorbed into DSP m2.
DSP Report: Generating DSP m2r_reg, operation Mode is: (PCIN>>17)+A*B.
DSP Report: register m2r_reg is absorbed into DSP m2r_reg.
DSP Report: operator m2 is absorbed into DSP m2r_reg.
DSP Report: operator m2 is absorbed into DSP m2r_reg.
DSP Report: Generating DSP m2, operation Mode is: A*B.
DSP Report: operator m2 is absorbed into DSP m2.
DSP Report: operator m2 is absorbed into DSP m2.
DSP Report: Generating DSP m2r_reg, operation Mode is: (PCIN>>17)+A*B.
DSP Report: register m2r_reg is absorbed into DSP m2r_reg.
DSP Report: operator m2 is absorbed into DSP m2r_reg.
DSP Report: operator m2 is absorbed into DSP m2r_reg.
DSP Report: Generating DSP m1, operation Mode is: A*B.
DSP Report: operator m1 is absorbed into DSP m1.
DSP Report: operator m1 is absorbed into DSP m1.
DSP Report: Generating DSP m1r_reg, operation Mode is: (PCIN>>17)+A*B.
DSP Report: register m1r_reg is absorbed into DSP m1r_reg.
DSP Report: operator m1 is absorbed into DSP m1r_reg.
DSP Report: operator m1 is absorbed into DSP m1r_reg.
DSP Report: Generating DSP m1, operation Mode is: A*B.
DSP Report: operator m1 is absorbed into DSP m1.
DSP Report: operator m1 is absorbed into DSP m1.
DSP Report: Generating DSP m1r_reg, operation Mode is: (PCIN>>17)+A*B.
DSP Report: register m1r_reg is absorbed into DSP m1r_reg.
DSP Report: operator m1 is absorbed into DSP m1r_reg.
DSP Report: operator m1 is absorbed into DSP m1r_reg.
DSP Report: Generating DSP m0, operation Mode is: A*B.
DSP Report: operator m0 is absorbed into DSP m0.
DSP Report: operator m0 is absorbed into DSP m0.
DSP Report: Generating DSP m0r_reg, operation Mode is: (PCIN>>17)+A*B.
DSP Report: register m0r_reg is absorbed into DSP m0r_reg.
DSP Report: operator m0 is absorbed into DSP m0r_reg.
DSP Report: operator m0 is absorbed into DSP m0r_reg.
DSP Report: Generating DSP m0, operation Mode is: A*B.
DSP Report: operator m0 is absorbed into DSP m0.
DSP Report: operator m0 is absorbed into DSP m0.
DSP Report: Generating DSP m0r_reg, operation Mode is: (PCIN>>17)+A*B.
DSP Report: register m0r_reg is absorbed into DSP m0r_reg.
DSP Report: operator m0 is absorbed into DSP m0r_reg.
DSP Report: operator m0 is absorbed into DSP m0r_reg.
---------------------------------------------------------------------------------
Finished Cross Boundary and Area Optimization : Time (s): cpu = 00:01:12 ; elapsed = 00:01:14 . Memory (MB): peak = 1302.676 ; gain = 224.707
---------------------------------------------------------------------------------
---------------------------------------------------------------------------------
Start ROM, RAM, DSP and Shift Register Reporting
---------------------------------------------------------------------------------

Block RAM: Preliminary Mapping	Report (see note below)
+------------+------------------------+------------------------+---+---+------------------------+---+---+------------------+--------+--------+
|Module Name | RTL Object             | PORT A (Depth x Width) | W | R | PORT B (Depth x Width) | W | R | Ports driving FF | RAMB18 | RAMB36 | 
+------------+------------------------+------------------------+---+---+------------------------+---+---+------------------+--------+--------+
|U0          | accu_dut/BRAM0/RAM_reg | 16 K x 64(WRITE_FIRST) | W | R |                        |   |   | Port A           | 0      | 32     | 
+------------+------------------------+------------------------+---+---+------------------------+---+---+------------------+--------+--------+

Note: The table above is a preliminary report that shows the Block RAMs at the current stage of the synthesis flow. Some Block RAMs may be reimplemented as non Block RAM primitives later in the synthesis flow. Multiple instantiated Block RAMs are reported only once. 

Distributed RAM: Preliminary Mapping	Report (see note below)
+------------+--------------------------------+-----------+----------------------+-----------------+
|Module Name | RTL Object                     | Inference | Size (Depth x Width) | Primitives      | 
+------------+--------------------------------+-----------+----------------------+-----------------+
|U0          | weight_buffer_dut/ram0/RAM_reg | Implied   | 16 x 800             | RAM16X1S x 800	 | 
|U0          | weight_buffer_dut/ram1/RAM_reg | Implied   | 16 x 800             | RAM16X1S x 800	 | 
+------------+--------------------------------+-----------+----------------------+-----------------+

Note: The table above is a preliminary report that shows the Distributed RAMs at the current stage of the synthesis flow. Some Distributed RAMs may be reimplemented as non Distributed RAM primitives later in the synthesis flow. Multiple instantiated RAMs are reported only once.

DSP: Preliminary Mapping	Report (see note below)
+------------+------------------------+--------+--------+--------+--------+--------+------+------+------+------+-------+------+------+
|Module Name | DSP Mapping            | A Size | B Size | C Size | D Size | P Size | AREG | BREG | CREG | DREG | ADREG | MREG | PREG | 
+------------+------------------------+--------+--------+--------+--------+--------+------+------+------+------+-------+------+------+
|main_fsm    | (C:0xffffffffffff)+A*B | 16     | 8      | 24     | -      | 24     | 0    | 0    | 0    | -    | -     | 0    | 0    | 
|ACCU        | (C:0xffffffffffff)+A*B | 16     | 16     | 32     | -      | 32     | 0    | 0    | 0    | -    | -     | 0    | 0    | 
|ALU         | (A*B)'                 | 18     | 18     | -      | -      | 48     | 0    | 0    | -    | -    | -     | 1    | 0    | 
|ALU         | (PCIN>>17)+(A*B)'      | 18     | 15     | -      | -      | 48     | 0    | 0    | -    | -    | -     | 1    | 1    | 
|ALU         | PCIN+(A2*B2)'          | 18     | 15     | -      | -      | 48     | 1    | 1    | -    | -    | -     | 1    | 0    | 
|ALU         | (PCIN>>17)+(A2*B2)'    | 15     | 15     | -      | -      | 48     | 1    | 1    | -    | -    | -     | 1    | 1    | 
|ALU         | A*B                    | 18     | 15     | -      | -      | 48     | 0    | 0    | -    | -    | -     | 0    | 0    | 
|ALU         | (PCIN>>17)+A*B         | 15     | 15     | -      | -      | 48     | 0    | 0    | -    | -    | -     | 0    | 1    | 
|ALU         | A*B                    | 18     | 18     | -      | -      | 48     | 0    | 0    | -    | -    | -     | 0    | 0    | 
|ALU         | (PCIN>>17)+A*B         | 18     | 15     | -      | -      | 48     | 0    | 0    | -    | -    | -     | 0    | 1    | 
|ALU         | A*B                    | 18     | 15     | -      | -      | 48     | 0    | 0    | -    | -    | -     | 0    | 0    | 
|ALU         | (PCIN>>17)+A*B         | 15     | 15     | -      | -      | 48     | 0    | 0    | -    | -    | -     | 0    | 1    | 
|ALU         | A*B                    | 18     | 18     | -      | -      | 48     | 0    | 0    | -    | -    | -     | 0    | 0    | 
|ALU         | (PCIN>>17)+A*B         | 18     | 15     | -      | -      | 48     | 0    | 0    | -    | -    | -     | 0    | 1    | 
|ALU         | A*B                    | 18     | 15     | -      | -      | 48     | 0    | 0    | -    | -    | -     | 0    | 0    | 
|ALU         | (PCIN>>17)+A*B         | 15     | 15     | -      | -      | 48     | 0    | 0    | -    | -    | -     | 0    | 1    | 
|ALU         | A*B                    | 18     | 18     | -      | -      | 48     | 0    | 0    | -    | -    | -     | 0    | 0    | 
|ALU         | (PCIN>>17)+A*B         | 18     | 15     | -      | -      | 48     | 0    | 0    | -    | -    | -     | 0    | 1    | 
|ALU         | A*B                    | 18     | 15     | -      | -      | 48     | 0    | 0    | -    | -    | -     | 0    | 0    | 
|ALU         | (PCIN>>17)+A*B         | 15     | 15     | -      | -      | 48     | 0    | 0    | -    | -    | -     | 0    | 1    | 
|ALU         | A*B                    | 18     | 18     | -      | -      | 48     | 0    | 0    | -    | -    | -     | 0    | 0    | 
|ALU         | (PCIN>>17)+A*B         | 18     | 15     | -      | -      | 48     | 0    | 0    | -    | -    | -     | 0    | 1    | 
|ALU         | (A*B)'                 | 18     | 18     | -      | -      | 48     | 0    | 0    | -    | -    | -     | 1    | 0    | 
|ALU         | (PCIN>>17)+(A*B)'      | 18     | 15     | -      | -      | 48     | 0    | 0    | -    | -    | -     | 1    | 1    | 
|ALU         | PCIN+(A2*B2)'          | 18     | 15     | -      | -      | 48     | 1    | 1    | -    | -    | -     | 1    | 0    | 
|ALU         | (PCIN>>17)+(A2*B2)'    | 15     | 15     | -      | -      | 48     | 1    | 1    | -    | -    | -     | 1    | 1    | 
|ALU         | A*B                    | 18     | 15     | -      | -      | 48     | 0    | 0    | -    | -    | -     | 0    | 0    | 
|ALU         | (PCIN>>17)+A*B         | 15     | 15     | -      | -      | 48     | 0    | 0    | -    | -    | -     | 0    | 1    | 
|ALU         | A*B                    | 18     | 18     | -      | -      | 48     | 0    | 0    | -    | -    | -     | 0    | 0    | 
|ALU         | (PCIN>>17)+A*B         | 18     | 15     | -      | -      | 48     | 0    | 0    | -    | -    | -     | 0    | 1    | 
|ALU         | A*B                    | 18     | 15     | -      | -      | 48     | 0    | 0    | -    | -    | -     | 0    | 0    | 
|ALU         | (PCIN>>17)+A*B         | 15     | 15     | -      | -      | 48     | 0    | 0    | -    | -    | -     | 0    | 1    | 
|ALU         | A*B                    | 18     | 18     | -      | -      | 48     | 0    | 0    | -    | -    | -     | 0    | 0    | 
|ALU         | (PCIN>>17)+A*B         | 18     | 15     | -      | -      | 48     | 0    | 0    | -    | -    | -     | 0    | 1    | 
|ALU         | A*B                    | 18     | 15     | -      | -      | 48     | 0    | 0    | -    | -    | -     | 0    | 0    | 
|ALU         | (PCIN>>17)+A*B         | 15     | 15     | -      | -      | 48     | 0    | 0    | -    | -    | -     | 0    | 1    | 
|ALU         | A*B                    | 18     | 18     | -      | -      | 48     | 0    | 0    | -    | -    | -     | 0    | 0    | 
|ALU         | (PCIN>>17)+A*B         | 18     | 15     | -      | -      | 48     | 0    | 0    | -    | -    | -     | 0    | 1    | 
|ALU         | A*B                    | 18     | 15     | -      | -      | 48     | 0    | 0    | -    | -    | -     | 0    | 0    | 
|ALU         | (PCIN>>17)+A*B         | 15     | 15     | -      | -      | 48     | 0    | 0    | -    | -    | -     | 0    | 1    | 
|ALU         | A*B                    | 18     | 18     | -      | -      | 48     | 0    | 0    | -    | -    | -     | 0    | 0    | 
|ALU         | (PCIN>>17)+A*B         | 18     | 15     | -      | -      | 48     | 0    | 0    | -    | -    | -     | 0    | 1    | 
+------------+------------------------+--------+--------+--------+--------+--------+------+------+------+------+-------+------+------+

Note: The table above is a preliminary report that shows the DSPs inferred at the current stage of the synthesis flow. Some DSP may be reimplemented as non DSP primitives later in the synthesis flow. Multiple instantiated DSPs are reported only once.
---------------------------------------------------------------------------------
Finished ROM, RAM, DSP and Shift Register Reporting
---------------------------------------------------------------------------------
---------------------------------------------------------------------------------
Start Applying XDC Timing Constraints
---------------------------------------------------------------------------------
WARNING: [Synth 8-3321] The argument for option -from is not a valid pin for constraint at line 4 of d:/Master_Thesis/Vivado/HwProj/HwProj.srcs/sources_1/bd/design_1/constrs_1/new/my_constrain.xdc. [d:/Master_Thesis/Vivado/HwProj/HwProj.srcs/sources_1/bd/design_1/constrs_1/new/my_constrain.xdc:4]
WARNING: [Synth 8-3321] The argument for option -from is not a valid pin for constraint at line 5 of d:/Master_Thesis/Vivado/HwProj/HwProj.srcs/sources_1/bd/design_1/constrs_1/new/my_constrain.xdc. [d:/Master_Thesis/Vivado/HwProj/HwProj.srcs/sources_1/bd/design_1/constrs_1/new/my_constrain.xdc:5]
WARNING: [Synth 8-3321] The argument for option -from is not a valid pin for constraint at line 6 of d:/Master_Thesis/Vivado/HwProj/HwProj.srcs/sources_1/bd/design_1/constrs_1/new/my_constrain.xdc. [d:/Master_Thesis/Vivado/HwProj/HwProj.srcs/sources_1/bd/design_1/constrs_1/new/my_constrain.xdc:6]
---------------------------------------------------------------------------------
Finished Applying XDC Timing Constraints : Time (s): cpu = 00:01:25 ; elapsed = 00:01:27 . Memory (MB): peak = 1354.188 ; gain = 276.219
---------------------------------------------------------------------------------
---------------------------------------------------------------------------------
Start Timing Optimization
---------------------------------------------------------------------------------
---------------------------------------------------------------------------------
Finished Timing Optimization : Time (s): cpu = 00:01:42 ; elapsed = 00:01:45 . Memory (MB): peak = 1569.746 ; gain = 491.777
---------------------------------------------------------------------------------
---------------------------------------------------------------------------------
Start ROM, RAM, DSP and Shift Register Reporting
---------------------------------------------------------------------------------

Block RAM: Final Mapping	Report
+------------+------------------------+------------------------+---+---+------------------------+---+---+------------------+--------+--------+
|Module Name | RTL Object             | PORT A (Depth x Width) | W | R | PORT B (Depth x Width) | W | R | Ports driving FF | RAMB18 | RAMB36 | 
+------------+------------------------+------------------------+---+---+------------------------+---+---+------------------+--------+--------+
|U0          | accu_dut/BRAM0/RAM_reg | 16 K x 64(WRITE_FIRST) | W | R |                        |   |   | Port A           | 0      | 32     | 
+------------+------------------------+------------------------+---+---+------------------------+---+---+------------------+--------+--------+


Distributed RAM: Final Mapping	Report
+------------+--------------------------------+-----------+----------------------+-----------------+
|Module Name | RTL Object                     | Inference | Size (Depth x Width) | Primitives      | 
+------------+--------------------------------+-----------+----------------------+-----------------+
|U0          | weight_buffer_dut/ram0/RAM_reg | Implied   | 16 x 800             | RAM16X1S x 800	 | 
|U0          | weight_buffer_dut/ram1/RAM_reg | Implied   | 16 x 800             | RAM16X1S x 800	 | 
+------------+--------------------------------+-----------+----------------------+-----------------+

---------------------------------------------------------------------------------
Finished ROM, RAM, DSP and Shift Register Reporting
---------------------------------------------------------------------------------
---------------------------------------------------------------------------------
Start Technology Mapping
---------------------------------------------------------------------------------
INFO: [Synth 8-7052] The timing for the instance U0/accu_dut/BRAM0/RAM_reg_0 (implemented as a Block RAM) might be sub-optimal as no optional output register could be merged into the ram block. Providing additional output register may help in improving timing.
INFO: [Synth 8-7052] The timing for the instance U0/accu_dut/BRAM0/RAM_reg_1 (implemented as a Block RAM) might be sub-optimal as no optional output register could be merged into the ram block. Providing additional output register may help in improving timing.
INFO: [Synth 8-7052] The timing for the instance U0/accu_dut/BRAM0/RAM_reg_2 (implemented as a Block RAM) might be sub-optimal as no optional output register could be merged into the ram block. Providing additional output register may help in improving timing.
INFO: [Synth 8-7052] The timing for the instance U0/accu_dut/BRAM0/RAM_reg_3 (implemented as a Block RAM) might be sub-optimal as no optional output register could be merged into the ram block. Providing additional output register may help in improving timing.
INFO: [Synth 8-7052] The timing for the instance U0/accu_dut/BRAM0/RAM_reg_4 (implemented as a Block RAM) might be sub-optimal as no optional output register could be merged into the ram block. Providing additional output register may help in improving timing.
INFO: [Synth 8-7052] The timing for the instance U0/accu_dut/BRAM0/RAM_reg_5 (implemented as a Block RAM) might be sub-optimal as no optional output register could be merged into the ram block. Providing additional output register may help in improving timing.
INFO: [Synth 8-7052] The timing for the instance U0/accu_dut/BRAM0/RAM_reg_6 (implemented as a Block RAM) might be sub-optimal as no optional output register could be merged into the ram block. Providing additional output register may help in improving timing.
INFO: [Synth 8-7052] The timing for the instance U0/accu_dut/BRAM0/RAM_reg_7 (implemented as a Block RAM) might be sub-optimal as no optional output register could be merged into the ram block. Providing additional output register may help in improving timing.
INFO: [Synth 8-7052] The timing for the instance U0/accu_dut/BRAM0/RAM_reg_8 (implemented as a Block RAM) might be sub-optimal as no optional output register could be merged into the ram block. Providing additional output register may help in improving timing.
INFO: [Synth 8-7052] The timing for the instance U0/accu_dut/BRAM0/RAM_reg_9 (implemented as a Block RAM) might be sub-optimal as no optional output register could be merged into the ram block. Providing additional output register may help in improving timing.
INFO: [Synth 8-7052] The timing for the instance U0/accu_dut/BRAM0/RAM_reg_10 (implemented as a Block RAM) might be sub-optimal as no optional output register could be merged into the ram block. Providing additional output register may help in improving timing.
INFO: [Synth 8-7052] The timing for the instance U0/accu_dut/BRAM0/RAM_reg_11 (implemented as a Block RAM) might be sub-optimal as no optional output register could be merged into the ram block. Providing additional output register may help in improving timing.
INFO: [Synth 8-7052] The timing for the instance U0/accu_dut/BRAM0/RAM_reg_12 (implemented as a Block RAM) might be sub-optimal as no optional output register could be merged into the ram block. Providing additional output register may help in improving timing.
INFO: [Synth 8-7052] The timing for the instance U0/accu_dut/BRAM0/RAM_reg_13 (implemented as a Block RAM) might be sub-optimal as no optional output register could be merged into the ram block. Providing additional output register may help in improving timing.
INFO: [Synth 8-7052] The timing for the instance U0/accu_dut/BRAM0/RAM_reg_14 (implemented as a Block RAM) might be sub-optimal as no optional output register could be merged into the ram block. Providing additional output register may help in improving timing.
INFO: [Synth 8-7052] The timing for the instance U0/accu_dut/BRAM0/RAM_reg_15 (implemented as a Block RAM) might be sub-optimal as no optional output register could be merged into the ram block. Providing additional output register may help in improving timing.
INFO: [Synth 8-7052] The timing for the instance U0/accu_dut/BRAM0/RAM_reg_16 (implemented as a Block RAM) might be sub-optimal as no optional output register could be merged into the ram block. Providing additional output register may help in improving timing.
INFO: [Synth 8-7052] The timing for the instance U0/accu_dut/BRAM0/RAM_reg_17 (implemented as a Block RAM) might be sub-optimal as no optional output register could be merged into the ram block. Providing additional output register may help in improving timing.
INFO: [Synth 8-7052] The timing for the instance U0/accu_dut/BRAM0/RAM_reg_18 (implemented as a Block RAM) might be sub-optimal as no optional output register could be merged into the ram block. Providing additional output register may help in improving timing.
INFO: [Synth 8-7052] The timing for the instance U0/accu_dut/BRAM0/RAM_reg_19 (implemented as a Block RAM) might be sub-optimal as no optional output register could be merged into the ram block. Providing additional output register may help in improving timing.
INFO: [Synth 8-7052] The timing for the instance U0/accu_dut/BRAM0/RAM_reg_20 (implemented as a Block RAM) might be sub-optimal as no optional output register could be merged into the ram block. Providing additional output register may help in improving timing.
INFO: [Synth 8-7052] The timing for the instance U0/accu_dut/BRAM0/RAM_reg_21 (implemented as a Block RAM) might be sub-optimal as no optional output register could be merged into the ram block. Providing additional output register may help in improving timing.
INFO: [Synth 8-7052] The timing for the instance U0/accu_dut/BRAM0/RAM_reg_22 (implemented as a Block RAM) might be sub-optimal as no optional output register could be merged into the ram block. Providing additional output register may help in improving timing.
INFO: [Synth 8-7052] The timing for the instance U0/accu_dut/BRAM0/RAM_reg_23 (implemented as a Block RAM) might be sub-optimal as no optional output register could be merged into the ram block. Providing additional output register may help in improving timing.
INFO: [Synth 8-7052] The timing for the instance U0/accu_dut/BRAM0/RAM_reg_24 (implemented as a Block RAM) might be sub-optimal as no optional output register could be merged into the ram block. Providing additional output register may help in improving timing.
INFO: [Synth 8-7052] The timing for the instance U0/accu_dut/BRAM0/RAM_reg_25 (implemented as a Block RAM) might be sub-optimal as no optional output register could be merged into the ram block. Providing additional output register may help in improving timing.
INFO: [Synth 8-7052] The timing for the instance U0/accu_dut/BRAM0/RAM_reg_26 (implemented as a Block RAM) might be sub-optimal as no optional output register could be merged into the ram block. Providing additional output register may help in improving timing.
INFO: [Synth 8-7052] The timing for the instance U0/accu_dut/BRAM0/RAM_reg_27 (implemented as a Block RAM) might be sub-optimal as no optional output register could be merged into the ram block. Providing additional output register may help in improving timing.
INFO: [Synth 8-7052] The timing for the instance U0/accu_dut/BRAM0/RAM_reg_28 (implemented as a Block RAM) might be sub-optimal as no optional output register could be merged into the ram block. Providing additional output register may help in improving timing.
INFO: [Synth 8-7052] The timing for the instance U0/accu_dut/BRAM0/RAM_reg_29 (implemented as a Block RAM) might be sub-optimal as no optional output register could be merged into the ram block. Providing additional output register may help in improving timing.
INFO: [Synth 8-7052] The timing for the instance U0/accu_dut/BRAM0/RAM_reg_30 (implemented as a Block RAM) might be sub-optimal as no optional output register could be merged into the ram block. Providing additional output register may help in improving timing.
INFO: [Synth 8-7052] The timing for the instance U0/accu_dut/BRAM0/RAM_reg_31 (implemented as a Block RAM) might be sub-optimal as no optional output register could be merged into the ram block. Providing additional output register may help in improving timing.
---------------------------------------------------------------------------------
Finished Technology Mapping : Time (s): cpu = 00:01:51 ; elapsed = 00:01:53 . Memory (MB): peak = 1570.785 ; gain = 492.816
---------------------------------------------------------------------------------
---------------------------------------------------------------------------------
Start IO Insertion
---------------------------------------------------------------------------------
---------------------------------------------------------------------------------
Start Flattening Before IO Insertion
---------------------------------------------------------------------------------
---------------------------------------------------------------------------------
Finished Flattening Before IO Insertion
---------------------------------------------------------------------------------
---------------------------------------------------------------------------------
Start Final Netlist Cleanup
---------------------------------------------------------------------------------
---------------------------------------------------------------------------------
Finished Final Netlist Cleanup
---------------------------------------------------------------------------------
---------------------------------------------------------------------------------
Finished IO Insertion : Time (s): cpu = 00:01:55 ; elapsed = 00:01:57 . Memory (MB): peak = 1570.785 ; gain = 492.816
---------------------------------------------------------------------------------
---------------------------------------------------------------------------------
Start Renaming Generated Instances
---------------------------------------------------------------------------------
---------------------------------------------------------------------------------
Finished Renaming Generated Instances : Time (s): cpu = 00:01:55 ; elapsed = 00:01:57 . Memory (MB): peak = 1570.785 ; gain = 492.816
---------------------------------------------------------------------------------
---------------------------------------------------------------------------------
Start Rebuilding User Hierarchy
---------------------------------------------------------------------------------
---------------------------------------------------------------------------------
Finished Rebuilding User Hierarchy : Time (s): cpu = 00:01:57 ; elapsed = 00:02:00 . Memory (MB): peak = 1570.785 ; gain = 492.816
---------------------------------------------------------------------------------
---------------------------------------------------------------------------------
Start Renaming Generated Ports
---------------------------------------------------------------------------------
---------------------------------------------------------------------------------
Finished Renaming Generated Ports : Time (s): cpu = 00:01:57 ; elapsed = 00:02:00 . Memory (MB): peak = 1570.785 ; gain = 492.816
---------------------------------------------------------------------------------
---------------------------------------------------------------------------------
Start Handling Custom Attributes
---------------------------------------------------------------------------------
---------------------------------------------------------------------------------
Finished Handling Custom Attributes : Time (s): cpu = 00:01:58 ; elapsed = 00:02:00 . Memory (MB): peak = 1570.785 ; gain = 492.816
---------------------------------------------------------------------------------
---------------------------------------------------------------------------------
Start Renaming Generated Nets
---------------------------------------------------------------------------------
---------------------------------------------------------------------------------
Finished Renaming Generated Nets : Time (s): cpu = 00:01:58 ; elapsed = 00:02:00 . Memory (MB): peak = 1570.785 ; gain = 492.816
---------------------------------------------------------------------------------
---------------------------------------------------------------------------------
Start Writing Synthesis Report
---------------------------------------------------------------------------------

Report BlackBoxes: 
+-+--------------+----------+
| |BlackBox name |Instances |
+-+--------------+----------+
+-+--------------+----------+

Report Cell Usage: 
+------+---------+------+
|      |Cell     |Count |
+------+---------+------+
|1     |CARRY4   |   354|
|2     |DSP48E1  |    42|
|11    |LUT1     |   149|
|12    |LUT2     |  2307|
|13    |LUT3     |  4646|
|14    |LUT4     |   213|
|15    |LUT5     |  1095|
|16    |LUT6     |  1644|
|17    |RAM16X1S |  1600|
|18    |RAMB36E1 |    32|
|19    |FDCE     |  5137|
|20    |FDPE     |    18|
|21    |FDRE     |  4642|
|22    |FDSE     |     5|
+------+---------+------+
---------------------------------------------------------------------------------
Finished Writing Synthesis Report : Time (s): cpu = 00:01:58 ; elapsed = 00:02:00 . Memory (MB): peak = 1570.785 ; gain = 492.816
---------------------------------------------------------------------------------
Synthesis finished with 0 errors, 0 critical warnings and 3 warnings.
Synthesis Optimization Runtime : Time (s): cpu = 00:01:47 ; elapsed = 00:01:56 . Memory (MB): peak = 1570.785 ; gain = 348.875
Synthesis Optimization Complete : Time (s): cpu = 00:01:58 ; elapsed = 00:02:01 . Memory (MB): peak = 1570.785 ; gain = 492.816
INFO: [Project 1-571] Translating synthesized netlist
Netlist sorting complete. Time (s): cpu = 00:00:01 ; elapsed = 00:00:00.321 . Memory (MB): peak = 1570.785 ; gain = 0.000
INFO: [Netlist 29-17] Analyzing 2028 Unisim elements for replacement
INFO: [Netlist 29-28] Unisim Transformation completed in 0 CPU seconds
INFO: [Project 1-570] Preparing netlist for logic optimization
INFO: [Opt 31-138] Pushed 0 inverter(s) to 0 load pin(s).
Netlist sorting complete. Time (s): cpu = 00:00:00 ; elapsed = 00:00:00.007 . Memory (MB): peak = 1570.785 ; gain = 0.000
INFO: [Project 1-111] Unisim Transformation Summary:
  A total of 1600 instances were transformed.
  RAM16X1S => RAM32X1S (RAMS32): 1600 instances

INFO: [Common 17-83] Releasing license: Synthesis
179 Infos, 3 Warnings, 0 Critical Warnings and 0 Errors encountered.
synth_design completed successfully
synth_design: Time (s): cpu = 00:02:08 ; elapsed = 00:02:12 . Memory (MB): peak = 1570.785 ; gain = 492.816
INFO: [Common 17-1381] The checkpoint 'D:/Master_Thesis/Vivado/HwProj/HwProj.runs/design_1_ConvAccelerator_0_9_synth_1/design_1_ConvAccelerator_0_9.dcp' has been generated.
WARNING: [Common 17-576] 'use_project_ipc' is deprecated. This option is deprecated and no longer used.
INFO: [Coretcl 2-1648] Added synthesis output to IP cache for IP design_1_ConvAccelerator_0_9, cache-ID = f215f7be8d7990ad
INFO: [Coretcl 2-1174] Renamed 172 cell refs.
INFO: [Common 17-1381] The checkpoint 'D:/Master_Thesis/Vivado/HwProj/HwProj.runs/design_1_ConvAccelerator_0_9_synth_1/design_1_ConvAccelerator_0_9.dcp' has been generated.
INFO: [runtcl-4] Executing : report_utilization -file design_1_ConvAccelerator_0_9_utilization_synth.rpt -pb design_1_ConvAccelerator_0_9_utilization_synth.pb
INFO: [Common 17-206] Exiting Vivado at Wed Feb 17 16:07:42 2021...
