
*** Running vivado
    with args -log ACCU.vds -m64 -product Vivado -mode batch -messageDb vivado.pb -notrace -source ACCU.tcl



****** Vivado v2020.1 (64-bit)
  **** SW Build 2902540 on Wed May 27 19:54:49 MDT 2020
  **** IP Build 2902112 on Wed May 27 22:43:36 MDT 2020
    ** Copyright 1986-2020 Xilinx, Inc. All Rights Reserved.

source ACCU.tcl -notrace
Command: synth_design -top ACCU -part xc7z010clg400-1
Starting synth_design
Attempting to get a license for feature 'Synthesis' and/or device 'xc7z010'
INFO: [Common 17-349] Got license for feature 'Synthesis' and/or device 'xc7z010'
INFO: [Synth 8-7079] Multithreading enabled for synth_design using a maximum of 2 processes.
INFO: [Synth 8-7078] Launching helper process for spawning children vivado processes
INFO: [Synth 8-7075] Helper process launched with PID 6900
---------------------------------------------------------------------------------
Starting Synthesize : Time (s): cpu = 00:00:03 ; elapsed = 00:00:03 . Memory (MB): peak = 1076.086 ; gain = 0.000
---------------------------------------------------------------------------------
INFO: [Synth 8-638] synthesizing module 'ACCU' [D:/Vivado_Project/MS.CnnAccFPGA/Ip_repo/ip_repo/MyAcc_3.0/hdl/ACCU.vhd:55]
	Parameter INPUT_SIZE_BIT_WIDTH bound to: 16 - type: integer 
	Parameter INPUT_DEPTH_BIT_WIDTH bound to: 13 - type: integer 
	Parameter STRIDE_BIT_WIDTH bound to: 3 - type: integer 
	Parameter KERNEL_DEPTH_BIT_WIDTH bound to: 13 - type: integer 
	Parameter KERNEL_SIZE_BIT_WIDTH bound to: 8 - type: integer 
	Parameter MAX_INPUT_SIZE bound to: 32 - type: integer 
	Parameter MAX_KERNEL_SIZE bound to: 5 - type: integer 
	Parameter MAX_COMPUTE_BYTE bound to: 25 - type: integer 
	Parameter MAX_KERNEL_DEPTH bound to: 32 - type: integer 
	Parameter DATA_WIDTH bound to: 32 - type: integer 
	Parameter MAX_ADDR_RAM_2D bound to: 15 - type: integer 
	Parameter ROW_BIT_WIDTH bound to: 5 - type: integer 
	Parameter COL_BIT_WIDTH bound to: 10 - type: integer 
WARNING: [Synth 8-614] signal 'kernel_depth' is read in the process but is not in the sensitivity list [D:/Vivado_Project/MS.CnnAccFPGA/Ip_repo/ip_repo/MyAcc_3.0/hdl/ACCU.vhd:151]
INFO: [Synth 8-256] done synthesizing module 'ACCU' (1#1) [D:/Vivado_Project/MS.CnnAccFPGA/Ip_repo/ip_repo/MyAcc_3.0/hdl/ACCU.vhd:55]
---------------------------------------------------------------------------------
Finished Synthesize : Time (s): cpu = 00:00:04 ; elapsed = 00:00:04 . Memory (MB): peak = 1076.086 ; gain = 0.000
---------------------------------------------------------------------------------
---------------------------------------------------------------------------------
Finished Constraint Validation : Time (s): cpu = 00:00:05 ; elapsed = 00:00:05 . Memory (MB): peak = 1076.086 ; gain = 0.000
---------------------------------------------------------------------------------
---------------------------------------------------------------------------------
Start Loading Part and Timing Information
---------------------------------------------------------------------------------
Loading part: xc7z010clg400-1
---------------------------------------------------------------------------------
Finished Loading Part and Timing Information : Time (s): cpu = 00:00:05 ; elapsed = 00:00:05 . Memory (MB): peak = 1076.086 ; gain = 0.000
---------------------------------------------------------------------------------
INFO: [Device 21-403] Loading part xc7z010clg400-1
INFO: [Synth 8-802] inferred FSM for state register 'c_state_reg' in module 'ACCU'
---------------------------------------------------------------------------------------------------
                   State |                     New Encoding |                Previous Encoding 
---------------------------------------------------------------------------------------------------
                    idle |                             0001 |                               00
                   read1 |                             0010 |                               01
                   write |                             0100 |                               10
                   read2 |                             1000 |                               11
---------------------------------------------------------------------------------------------------
INFO: [Synth 8-3354] encoded FSM with state register 'c_state_reg' using encoding 'one-hot' in module 'ACCU'
---------------------------------------------------------------------------------
Finished RTL Optimization Phase 2 : Time (s): cpu = 00:00:05 ; elapsed = 00:00:05 . Memory (MB): peak = 1076.086 ; gain = 0.000
---------------------------------------------------------------------------------
No constraint files found.
---------------------------------------------------------------------------------
Start RTL Component Statistics 
---------------------------------------------------------------------------------
Detailed RTL Component Info : 
+---Adders : 
	   3 Input   16 Bit       Adders := 1     
	   2 Input   16 Bit       Adders := 1     
	   2 Input   13 Bit       Adders := 1     
	   2 Input   10 Bit       Adders := 1     
	   2 Input    6 Bit       Adders := 1     
	   2 Input    5 Bit       Adders := 1     
+---Registers : 
	               10 Bit    Registers := 1     
	                6 Bit    Registers := 1     
	                5 Bit    Registers := 1     
+---Muxes : 
	   4 Input    1 Bit        Muxes := 2     
	   2 Input    1 Bit        Muxes := 2     
---------------------------------------------------------------------------------
Finished RTL Component Statistics 
---------------------------------------------------------------------------------
---------------------------------------------------------------------------------
Start Part Resource Summary
---------------------------------------------------------------------------------
Part Resources:
DSPs: 80 (col length:40)
BRAMs: 120 (col length: RAMB18 40 RAMB36 20)
---------------------------------------------------------------------------------
Finished Part Resource Summary
---------------------------------------------------------------------------------
No constraint files found.
---------------------------------------------------------------------------------
Start Cross Boundary and Area Optimization
---------------------------------------------------------------------------------
DSP Report: Generating DSP cur_col1, operation Mode is: (C:0xffffffffffff)+A*B.
DSP Report: operator cur_col1 is absorbed into DSP cur_col1.
DSP Report: operator cur_col2 is absorbed into DSP cur_col1.
---------------------------------------------------------------------------------
Finished Cross Boundary and Area Optimization : Time (s): cpu = 00:00:12 ; elapsed = 00:00:13 . Memory (MB): peak = 1076.086 ; gain = 0.000
---------------------------------------------------------------------------------
---------------------------------------------------------------------------------
Start ROM, RAM, DSP and Shift Register Reporting
---------------------------------------------------------------------------------

DSP: Preliminary Mapping	Report (see note below)
+------------+------------------------+--------+--------+--------+--------+--------+------+------+------+------+-------+------+------+
|Module Name | DSP Mapping            | A Size | B Size | C Size | D Size | P Size | AREG | BREG | CREG | DREG | ADREG | MREG | PREG | 
+------------+------------------------+--------+--------+--------+--------+--------+------+------+------+------+-------+------+------+
|ACCU        | (C:0xffffffffffff)+A*B | 17     | 17     | 1      | -      | 32     | 0    | 0    | 0    | -    | -     | 0    | 0    | 
+------------+------------------------+--------+--------+--------+--------+--------+------+------+------+------+-------+------+------+

Note: The table above is a preliminary report that shows the DSPs inferred at the current stage of the synthesis flow. Some DSP may be reimplemented as non DSP primitives later in the synthesis flow. Multiple instantiated DSPs are reported only once.
---------------------------------------------------------------------------------
Finished ROM, RAM, DSP and Shift Register Reporting
---------------------------------------------------------------------------------
No constraint files found.
---------------------------------------------------------------------------------
Start Timing Optimization
---------------------------------------------------------------------------------
---------------------------------------------------------------------------------
Finished Timing Optimization : Time (s): cpu = 00:00:12 ; elapsed = 00:00:13 . Memory (MB): peak = 1076.086 ; gain = 0.000
---------------------------------------------------------------------------------
---------------------------------------------------------------------------------
Start Technology Mapping
---------------------------------------------------------------------------------
---------------------------------------------------------------------------------
Finished Technology Mapping : Time (s): cpu = 00:00:12 ; elapsed = 00:00:13 . Memory (MB): peak = 1076.086 ; gain = 0.000
---------------------------------------------------------------------------------
---------------------------------------------------------------------------------
Start IO Insertion
---------------------------------------------------------------------------------
---------------------------------------------------------------------------------
Start Flattening Before IO Insertion
---------------------------------------------------------------------------------
---------------------------------------------------------------------------------
Finished Flattening Before IO Insertion
---------------------------------------------------------------------------------
---------------------------------------------------------------------------------
Start Final Netlist Cleanup
---------------------------------------------------------------------------------
---------------------------------------------------------------------------------
Finished Final Netlist Cleanup
---------------------------------------------------------------------------------
---------------------------------------------------------------------------------
Finished IO Insertion : Time (s): cpu = 00:00:15 ; elapsed = 00:00:16 . Memory (MB): peak = 1076.086 ; gain = 0.000
---------------------------------------------------------------------------------
---------------------------------------------------------------------------------
Start Renaming Generated Instances
---------------------------------------------------------------------------------
---------------------------------------------------------------------------------
Finished Renaming Generated Instances : Time (s): cpu = 00:00:15 ; elapsed = 00:00:16 . Memory (MB): peak = 1076.086 ; gain = 0.000
---------------------------------------------------------------------------------
---------------------------------------------------------------------------------
Start Rebuilding User Hierarchy
---------------------------------------------------------------------------------
---------------------------------------------------------------------------------
Finished Rebuilding User Hierarchy : Time (s): cpu = 00:00:15 ; elapsed = 00:00:16 . Memory (MB): peak = 1076.086 ; gain = 0.000
---------------------------------------------------------------------------------
---------------------------------------------------------------------------------
Start Renaming Generated Ports
---------------------------------------------------------------------------------
---------------------------------------------------------------------------------
Finished Renaming Generated Ports : Time (s): cpu = 00:00:15 ; elapsed = 00:00:16 . Memory (MB): peak = 1076.086 ; gain = 0.000
---------------------------------------------------------------------------------
---------------------------------------------------------------------------------
Start Handling Custom Attributes
---------------------------------------------------------------------------------
---------------------------------------------------------------------------------
Finished Handling Custom Attributes : Time (s): cpu = 00:00:15 ; elapsed = 00:00:16 . Memory (MB): peak = 1076.086 ; gain = 0.000
---------------------------------------------------------------------------------
---------------------------------------------------------------------------------
Start Renaming Generated Nets
---------------------------------------------------------------------------------
---------------------------------------------------------------------------------
Finished Renaming Generated Nets : Time (s): cpu = 00:00:15 ; elapsed = 00:00:16 . Memory (MB): peak = 1076.086 ; gain = 0.000
---------------------------------------------------------------------------------
---------------------------------------------------------------------------------
Start Writing Synthesis Report
---------------------------------------------------------------------------------

Report BlackBoxes: 
+-+--------------+----------+
| |BlackBox name |Instances |
+-+--------------+----------+
+-+--------------+----------+

Report Cell Usage: 
+------+--------+------+
|      |Cell    |Count |
+------+--------+------+
|1     |BUFG    |     1|
|2     |CARRY4  |    18|
|3     |DSP48E1 |     1|
|4     |LUT1    |    25|
|5     |LUT2    |    15|
|6     |LUT3    |    15|
|7     |LUT4    |    19|
|8     |LUT5    |    58|
|9     |LUT6    |    15|
|10    |FDRE    |    24|
|11    |FDSE    |     1|
|12    |IBUF    |    58|
|13    |OBUF    |     1|
+------+--------+------+

Report Instance Areas: 
+------+---------+-------+------+
|      |Instance |Module |Cells |
+------+---------+-------+------+
|1     |top      |       |   251|
+------+---------+-------+------+
---------------------------------------------------------------------------------
Finished Writing Synthesis Report : Time (s): cpu = 00:00:15 ; elapsed = 00:00:16 . Memory (MB): peak = 1076.086 ; gain = 0.000
---------------------------------------------------------------------------------
Synthesis finished with 0 errors, 0 critical warnings and 1 warnings.
Synthesis Optimization Runtime : Time (s): cpu = 00:00:15 ; elapsed = 00:00:16 . Memory (MB): peak = 1076.086 ; gain = 0.000
Synthesis Optimization Complete : Time (s): cpu = 00:00:15 ; elapsed = 00:00:16 . Memory (MB): peak = 1076.086 ; gain = 0.000
INFO: [Project 1-571] Translating synthesized netlist
Netlist sorting complete. Time (s): cpu = 00:00:00 ; elapsed = 00:00:00.004 . Memory (MB): peak = 1076.086 ; gain = 0.000
INFO: [Netlist 29-17] Analyzing 19 Unisim elements for replacement
INFO: [Netlist 29-28] Unisim Transformation completed in 0 CPU seconds
INFO: [Project 1-570] Preparing netlist for logic optimization
INFO: [Opt 31-138] Pushed 0 inverter(s) to 0 load pin(s).
Netlist sorting complete. Time (s): cpu = 00:00:00 ; elapsed = 00:00:00 . Memory (MB): peak = 1080.371 ; gain = 0.000
INFO: [Project 1-111] Unisim Transformation Summary:
No Unisim elements were transformed.

INFO: [Common 17-83] Releasing license: Synthesis
16 Infos, 1 Warnings, 0 Critical Warnings and 0 Errors encountered.
synth_design completed successfully
synth_design: Time (s): cpu = 00:00:19 ; elapsed = 00:00:21 . Memory (MB): peak = 1080.371 ; gain = 4.285
INFO: [Common 17-1381] The checkpoint 'D:/Vivado_Project/MS.CnnAccFPGA/Vivado_proj/accum_sim_2/accum_sim_2.runs/synth_1/ACCU.dcp' has been generated.
INFO: [runtcl-4] Executing : report_utilization -file ACCU_utilization_synth.rpt -pb ACCU_utilization_synth.pb
INFO: [Common 17-206] Exiting Vivado at Mon Jan 25 10:00:08 2021...
