# do {ConvAccelerator_tb_compile.do}
# Model Technology ModelSim PE vmap 10.4a Lib Mapping Utility 2015.03 Apr  7 2015
# vmap -modelsim_quiet xil_defaultlib modelsim_lib/msim/xil_defaultlib 
# Copying C:/Modeltech_pe_edu_10.4a/win32pe_edu/../modelsim.ini to modelsim.ini
# Modifying modelsim.ini
# ** Warning: Copied C:/Modeltech_pe_edu_10.4a/win32pe_edu/../modelsim.ini to modelsim.ini.
#          Updated modelsim.ini.
# Model Technology ModelSim PE Student Edition vcom 10.4a Compiler 2015.03 Apr  7 2015
# Start time: 10:46:20 on Jan 29,2021
# vcom -93 -work xil_defaultlib ../../../../../../Ip_repo/ip_repo/MyAcc_3.0/hdl/ACCU.vhd ../../../../../../Ip_repo/ip_repo/MyAcc_3.0/hdl/ALU.vhd ../../../../../../Ip_repo/ip_repo/MyAcc_3.0/hdl/BRAM_SP.vhd ../../../../../../Ip_repo/ip_repo/MyAcc_3.0/hdl/ConvAccelerator.vhd ../../../../../../Ip_repo/ip_repo/MyAcc_3.0/hdl/DIS_RAM_SP.vhd ../../../../../../Ip_repo/ip_repo/MyAcc_3.0/hdl/MyAccelerator_v2_0_S00_AXI.vhd ../../../../../../Ip_repo/ip_repo/MyAcc_3.0/hdl/data_buffer.vhd ../../../../../../Ip_repo/ip_repo/MyAcc_3.0/hdl/dff.vhd ../../../../../../Ip_repo/ip_repo/MyAcc_3.0/hdl/main_fsm.vhd ../../../../../../Ip_repo/ip_repo/MyAcc_3.0/hdl/w_sticker.vhd ../../../../../../Ip_repo/ip_repo/MyAcc_3.0/hdl/weight_buffer.vhd ../../../../../../Ip_repo/ip_repo/MyAcc_3.0/tb/ConvAccelerator_tb.vhd 
# -- Loading package STANDARD
# -- Loading package TEXTIO
# -- Loading package std_logic_1164
# -- Loading package NUMERIC_STD
# -- Compiling entity ACCU
# -- Compiling architecture behav of ACCU
# -- Compiling entity ALU
# -- Compiling architecture Behavioral of ALU
# -- Compiling entity BRAM_SP
# -- Compiling architecture Behavioral of BRAM_SP
# -- Compiling entity ConvAccelerator
# -- Compiling architecture arch_imp of ConvAccelerator
# ** Error: ../../../../../../Ip_repo/ip_repo/MyAcc_3.0/hdl/ConvAccelerator.vhd(350): (vcom-1136) Unknown identifier "DATA_WIDTH".
# 
# ** Error: ../../../../../../Ip_repo/ip_repo/MyAcc_3.0/hdl/ConvAccelerator.vhd(350): Bad expression in left bound of range expression.
# ** Error: ../../../../../../Ip_repo/ip_repo/MyAcc_3.0/hdl/ConvAccelerator.vhd(350): Type error in range expression.
# ** Error: ../../../../../../Ip_repo/ip_repo/MyAcc_3.0/hdl/ConvAccelerator.vhd(352): (vcom-1136) Unknown identifier "DATA_WIDTH".
# 
# ** Error: ../../../../../../Ip_repo/ip_repo/MyAcc_3.0/hdl/ConvAccelerator.vhd(352): Bad expression in left operand of infix expression "-".
# ** Error: ../../../../../../Ip_repo/ip_repo/MyAcc_3.0/hdl/ConvAccelerator.vhd(352): Bad expression in left bound of range expression.
# ** Error: ../../../../../../Ip_repo/ip_repo/MyAcc_3.0/hdl/ConvAccelerator.vhd(352): Type error in range expression.
# ** Error: ../../../../../../Ip_repo/ip_repo/MyAcc_3.0/hdl/ConvAccelerator.vhd(485): (vcom-1136) Unknown identifier "wgu_tdata".
# 
# ** Error: ../../../../../../Ip_repo/ip_repo/MyAcc_3.0/hdl/ConvAccelerator.vhd(486): (vcom-1136) Unknown identifier "wgu_tvalid".
# 
# ** Error: ../../../../../../Ip_repo/ip_repo/MyAcc_3.0/hdl/ConvAccelerator.vhd(488): (vcom-1136) Unknown identifier "wgu_out0".
# 
# ** Error: ../../../../../../Ip_repo/ip_repo/MyAcc_3.0/hdl/ConvAccelerator.vhd(489): (vcom-1136) Unknown identifier "wgu_out1".
# 
# ** Error: ../../../../../../Ip_repo/ip_repo/MyAcc_3.0/hdl/ConvAccelerator.vhd(488): (vcom-1484) Unknown formal identifier "wgu_out0".
# 
# ** Error: ../../../../../../Ip_repo/ip_repo/MyAcc_3.0/hdl/ConvAccelerator.vhd(489): (vcom-1484) Unknown formal identifier "wgu_out1".
# 
# ** Error: ../../../../../../Ip_repo/ip_repo/MyAcc_3.0/hdl/ConvAccelerator.vhd(605): VHDL Compiler exiting
# End time: 10:46:20 on Jan 29,2021, Elapsed time: 0:00:00
# Errors: 14, Warnings: 0
# ** Error: C:/Modeltech_pe_edu_10.4a/win32pe_edu/vcom failed.
# Error in macro ./ConvAccelerator_tb_compile.do line 29
# C:/Modeltech_pe_edu_10.4a/win32pe_edu/vcom failed.
#     while executing
# "vcom  -93 -work xil_defaultlib  \
# "../../../../../../Ip_repo/ip_repo/MyAcc_3.0/hdl/ACCU.vhd" \
# "../../../../../../Ip_repo/ip_repo/MyAcc_3.0/hdl/ALU.vh..."
