
*** Running vivado
    with args -log weight_buffer.vds -m64 -product Vivado -mode batch -messageDb vivado.pb -notrace -source weight_buffer.tcl



****** Vivado v2020.1 (64-bit)
  **** SW Build 2902540 on Wed May 27 19:54:49 MDT 2020
  **** IP Build 2902112 on Wed May 27 22:43:36 MDT 2020
    ** Copyright 1986-2020 Xilinx, Inc. All Rights Reserved.

source weight_buffer.tcl -notrace
Command: synth_design -top weight_buffer -part xc7z010clg400-1
Starting synth_design
Attempting to get a license for feature 'Synthesis' and/or device 'xc7z010'
INFO: [Common 17-349] Got license for feature 'Synthesis' and/or device 'xc7z010'
INFO: [Synth 8-7079] Multithreading enabled for synth_design using a maximum of 2 processes.
INFO: [Synth 8-7078] Launching helper process for spawning children vivado processes
INFO: [Synth 8-7075] Helper process launched with PID 19240
---------------------------------------------------------------------------------
Starting Synthesize : Time (s): cpu = 00:00:03 ; elapsed = 00:00:04 . Memory (MB): peak = 1074.195 ; gain = 0.000
---------------------------------------------------------------------------------
INFO: [Synth 8-638] synthesizing module 'weight_buffer' [D:/Vivado_Project/MS.CnnAccFPGA/Ip_repo/ip_repo/MyAcc_3.0/hdl/weight_buffer.vhd:45]
ERROR: [Synth 8-78] a value must be associated with generic KERNEL_SIZE_BIT_WIDTH [D:/Vivado_Project/MS.CnnAccFPGA/Ip_repo/ip_repo/MyAcc_3.0/hdl/weight_buffer.vhd:12]
ERROR: [Synth 8-78] a value must be associated with generic KERNEL_DEPTH_BIT_WIDTH [D:/Vivado_Project/MS.CnnAccFPGA/Ip_repo/ip_repo/MyAcc_3.0/hdl/weight_buffer.vhd:13]
ERROR: [Synth 8-78] a value must be associated with generic MAX_KERNEL_DEPTH [D:/Vivado_Project/MS.CnnAccFPGA/Ip_repo/ip_repo/MyAcc_3.0/hdl/weight_buffer.vhd:15]
ERROR: [Synth 8-78] a value must be associated with generic MAX_KERNEL_SIZE [D:/Vivado_Project/MS.CnnAccFPGA/Ip_repo/ip_repo/MyAcc_3.0/hdl/weight_buffer.vhd:16]
ERROR: [Synth 8-78] a value must be associated with generic DATA_WIDTH [D:/Vivado_Project/MS.CnnAccFPGA/Ip_repo/ip_repo/MyAcc_3.0/hdl/weight_buffer.vhd:19]
ERROR: [Synth 8-78] a value must be associated with generic MAX_COMPUTE_BYTE [D:/Vivado_Project/MS.CnnAccFPGA/Ip_repo/ip_repo/MyAcc_3.0/hdl/weight_buffer.vhd:22]
ERROR: [Synth 8-78] a value must be associated with generic ADDR_WIDTH [D:/Vivado_Project/MS.CnnAccFPGA/Ip_repo/ip_repo/MyAcc_3.0/hdl/weight_buffer.vhd:23]
ERROR: [Synth 8-285] failed synthesizing module 'weight_buffer' [D:/Vivado_Project/MS.CnnAccFPGA/Ip_repo/ip_repo/MyAcc_3.0/hdl/weight_buffer.vhd:45]
---------------------------------------------------------------------------------
Finished Synthesize : Time (s): cpu = 00:00:04 ; elapsed = 00:00:05 . Memory (MB): peak = 1074.195 ; gain = 0.000
---------------------------------------------------------------------------------
synthesize failed
INFO: [Common 17-83] Releasing license: Synthesis
6 Infos, 0 Warnings, 0 Critical Warnings and 9 Errors encountered.
synth_design failed
ERROR: [Common 17-69] Command failed: Vivado Synthesis failed
INFO: [Common 17-206] Exiting Vivado at Thu Jan 28 10:36:32 2021...
