Vivado Simulator 2020.1
Copyright 1986-1999, 2001-2020 Xilinx, Inc. All Rights Reserved.
Running: D:/Vivado/Vivado/2020.1/bin/unwrapped/win64.o/xelab.exe -wto ee608dedb3624df6b2c2b6532aca0897 --incr --debug typical --relax --mt 2 -L xil_defaultlib -L secureip --snapshot ConvAccelerator_tb_behav xil_defaultlib.ConvAccelerator_tb -log elaborate.log 
Using 2 slave threads.
Starting static elaboration
Completed static elaboration
Starting simulation data flow analysis
Completed simulation data flow analysis
Time Resolution for simulation is 1ps
Compiling package std.standard
Compiling package std.textio
Compiling package ieee.std_logic_1164
Compiling package ieee.numeric_std
Compiling architecture arch_imp of entity xil_defaultlib.MyAccelerator_v2_0_S00_AXI [\MyAccelerator_v2_0_S00_AXI(inpu...]
Compiling architecture behav of entity xil_defaultlib.main_fsm [\main_fsm(input_size_bit_width=1...]
Compiling architecture behav of entity xil_defaultlib.w_sticker [\w_sticker(data_width=32,max_ker...]
Compiling architecture behavioral of entity xil_defaultlib.DIS_RAM_SP [\DIS_RAM_SP(data_width=800,mem_d...]
Compiling architecture behav of entity xil_defaultlib.weight_buffer [\weight_buffer(kernel_size_bit_w...]
Compiling architecture str of entity xil_defaultlib.dff [\dff(data_width=32)\]
Compiling architecture behav of entity xil_defaultlib.data_buffer [\data_buffer(max_input_size=32,m...]
Compiling architecture behavioral of entity xil_defaultlib.ALU [\ALU(data_width=32,max_compute_b...]
Compiling architecture behavioral of entity xil_defaultlib.BRAM_SP [\BRAM_SP(data_width=64,mem_depth...]
Compiling architecture behav of entity xil_defaultlib.ACCU [accu_default]
Compiling architecture arch_imp of entity xil_defaultlib.ConvAccelerator [\ConvAccelerator(input_size_bit_...]
Compiling architecture tb_arch of entity xil_defaultlib.convaccelerator_tb
Built simulation snapshot ConvAccelerator_tb_behav
