# do {weight_buffer_tb_simulate.do}
# //  ModelSim PE Student Edition 10.4a Apr  7 2015 
# //
# //  Copyright 1991-2015 Mentor Graphics Corporation
# //  All Rights Reserved.
# //
# //  THIS WORK CONTAINS TRADE SECRET AND PROPRIETARY INFORMATION
# //  WHICH IS THE PROPERTY OF MENTOR GRAPHICS CORPORATION OR ITS
# //  LICENSORS AND IS SUBJECT TO LICENSE TERMS.
# //  THIS DOCUMENT CONTAINS TRADE SECRETS AND COMMERCIAL OR FINANCIAL
# //  INFORMATION THAT ARE PRIVILEGED, CONFIDENTIAL, AND EXEMPT FROM
# //  DISCLOSURE UNDER THE FREEDOM OF INFORMATION ACT, 5 U.S.C. SECTION 552.
# //  FURTHERMORE, THIS INFORMATION IS PROHIBITED FROM DISCLOSURE UNDER
# //  THE TRADE SECRETS ACT, 18 U.S.C. SECTION 1905.
# //
# // NOT FOR CORPORATE OR PRODUCTION USE.
# // THE ModelSim PE Student Edition IS NOT A SUPPORTED PRODUCT.
# // FOR HIGHER EDUCATION PURPOSES ONLY
# //
# vsim -do "do {weight_buffer_tb_simulate.do}" -l simulate.log 
# Start time: 12:32:06 on Jan 19,2021
# Loading std.standard
# Loading std.textio(body)
# Loading ieee.std_logic_1164(body)
# Loading ieee.numeric_std(body)
# Loading xil_defaultlib.weight_buffer_tb(behav)
# Loading xil_defaultlib.weight_buffer(behav)
# Loading xil_defaultlib.w_sticker(behav)
# Loading xil_defaultlib.dis_ram_sp(behavioral)
# 1
# 1
# .main_pane.wave.interior.cs.body.pw.wf
# .main_pane.structure.interior.cs.body.struct
# .main_pane.objects.interior.cs.body.tree
run
do {D:/Vivado_Project/MS.CnnAccFPGA/Vivado_proj/weight_buffer_sim/weight_buffer_sim.sim/sim_1/behav/modelsim/wave.do}
restart
run
do {D:/Vivado_Project/MS.CnnAccFPGA/Vivado_proj/weight_buffer_sim/weight_buffer_sim.sim/sim_1/behav/modelsim/wave.do}
# End time: 12:34:50 on Jan 19,2021, Elapsed time: 0:02:44
# Errors: 0, Warnings: 0
