
*** Running vivado
    with args -log acc_wrapper.vds -m64 -product Vivado -mode batch -messageDb vivado.pb -notrace -source acc_wrapper.tcl



****** Vivado v2020.1 (64-bit)
  **** SW Build 2902540 on Wed May 27 19:54:49 MDT 2020
  **** IP Build 2902112 on Wed May 27 22:43:36 MDT 2020
    ** Copyright 1986-2020 Xilinx, Inc. All Rights Reserved.

source acc_wrapper.tcl -notrace
INFO: [IP_Flow 19-234] Refreshing IP repositories
INFO: [IP_Flow 19-1700] Loaded user IP repository 'd:/Vivado_Project/MS.CnnAccFPGA/Ip_repo/ip_repo/MyAccelerator_2.0'.
INFO: [IP_Flow 19-1700] Loaded user IP repository 'd:/Vivado_Project/MS.CnnAccFPGA/Ip_repo/ip_repo/myip_1.0'.
WARNING: [IP_Flow 19-2248] Failed to load user IP repository 'd:/Vivado_Project/MS.CnnAccFPGA/vivado_project/myaccelerator'; Can't find the specified path.
If this directory should no longer be in your list of user repositories, go to the IP Settings dialog and remove it.
INFO: [IP_Flow 19-2313] Loaded Vivado IP repository 'D:/Vivado/Vivado/2020.1/data/ip'.
Command: synth_design -top acc_wrapper -part xc7z010clg400-1
Starting synth_design
Attempting to get a license for feature 'Synthesis' and/or device 'xc7z010'
INFO: [Common 17-349] Got license for feature 'Synthesis' and/or device 'xc7z010'
INFO: [Synth 8-7079] Multithreading enabled for synth_design using a maximum of 2 processes.
INFO: [Synth 8-7078] Launching helper process for spawning children vivado processes
INFO: [Synth 8-7075] Helper process launched with PID 17440
---------------------------------------------------------------------------------
Starting Synthesize : Time (s): cpu = 00:00:04 ; elapsed = 00:00:04 . Memory (MB): peak = 1070.195 ; gain = 0.000
---------------------------------------------------------------------------------
ERROR: [Synth 8-439] module 'acc_wrapper' not found
---------------------------------------------------------------------------------
Finished Synthesize : Time (s): cpu = 00:00:04 ; elapsed = 00:00:05 . Memory (MB): peak = 1070.195 ; gain = 0.000
---------------------------------------------------------------------------------
synthesize failed
INFO: [Common 17-83] Releasing license: Synthesis
9 Infos, 1 Warnings, 0 Critical Warnings and 2 Errors encountered.
synth_design failed
ERROR: [Common 17-69] Command failed: Vivado Synthesis failed
INFO: [Common 17-206] Exiting Vivado at Fri Dec 18 19:31:40 2020...
