# do {main_fms_tb_simulate.do}
# //  ModelSim PE Student Edition 10.4a Apr  7 2015 
# //
# //  Copyright 1991-2015 Mentor Graphics Corporation
# //  All Rights Reserved.
# //
# //  THIS WORK CONTAINS TRADE SECRET AND PROPRIETARY INFORMATION
# //  WHICH IS THE PROPERTY OF MENTOR GRAPHICS CORPORATION OR ITS
# //  LICENSORS AND IS SUBJECT TO LICENSE TERMS.
# //  THIS DOCUMENT CONTAINS TRADE SECRETS AND COMMERCIAL OR FINANCIAL
# //  INFORMATION THAT ARE PRIVILEGED, CONFIDENTIAL, AND EXEMPT FROM
# //  DISCLOSURE UNDER THE FREEDOM OF INFORMATION ACT, 5 U.S.C. SECTION 552.
# //  FURTHERMORE, THIS INFORMATION IS PROHIBITED FROM DISCLOSURE UNDER
# //  THE TRADE SECRETS ACT, 18 U.S.C. SECTION 1905.
# //
# // NOT FOR CORPORATE OR PRODUCTION USE.
# // THE ModelSim PE Student Edition IS NOT A SUPPORTED PRODUCT.
# // FOR HIGHER EDUCATION PURPOSES ONLY
# //
# vsim -do "do {main_fms_tb_simulate.do}" -l simulate.log 
# Start time: 16:41:32 on Jan 23,2021
# Loading std.standard
# Loading std.textio(body)
# Loading ieee.std_logic_1164(body)
# Loading ieee.numeric_std(body)
# Loading xil_defaultlib.main_fms_tb(behav)
# Loading xil_defaultlib.main_fsm(behav)
# Loading xil_defaultlib.weight_buffer(behav)
# Loading xil_defaultlib.w_sticker(behav)
# Loading xil_defaultlib.dis_ram_sp(behavioral)
# Loading xil_defaultlib.data_buffer(behav)
# Loading xil_defaultlib.dff(str)
# Loading xil_defaultlib.alu(behavioral)
# Loading xil_defaultlib.accu(behav)
# ** Warning: Design size of 11756 statements or 170 leaf instances exceeds ModelSim PE Student Edition recommended capacity.
# Expect performance to be quite adversely affected.
# 1
# 1
# .main_pane.wave.interior.cs.body.pw.wf
# .main_pane.structure.interior.cs.body.struct
# .main_pane.objects.interior.cs.body.tree
# ** Error: (vsim-86) Argument value -1 is not in bounds of subtype NATURAL.
#    Time: 0 ns  Iteration: 0  Instance: /main_fms_tb/accum_dut
# End time: 16:41:54 on Jan 23,2021, Elapsed time: 0:00:22
# Errors: 1, Warnings: 1
