Copyright 1986-2020 Xilinx, Inc. All Rights Reserved.
------------------------------------------------------------------------------------
| Tool Version : Vivado v.2020.1 (win64) Build 2902540 Wed May 27 19:54:49 MDT 2020
| Date         : Mon Feb  1 16:49:36 2021
| Host         : DESKTOP-BJ9E846 running 64-bit major release  (build 9200)
| Command      : upgrade_ip
| Device       : xc7z010clg400-1
------------------------------------------------------------------------------------

Upgrade Log for IP 'design_1_ConvAccelerator_0_0'

1. Summary
----------

CAUTION (success, with warnings) in the upgrade of design_1_ConvAccelerator_0_0 (xilinx.com:user:ConvAccelerator:1.0) from (Rev. 2) to (Rev. 3)

After upgrade, an IP may have parameter and port differences compared to the original customization. Please review the parameters within the IP customization GUI to ensure proper functionality. Also, please review the updated IP instantiation template to ensure proper connectivity, and update your design if required.

2. Connection Warnings
----------------------

Detected external port differences while upgrading 'design_1_ConvAccelerator_0_0'. These changes may impact your design.


-Upgrade has added port 'af_en_test'

-Upgrade has added port 'hw_acc_en_test'

-Upgrade has added port 'input_depth_test'

-Upgrade has added port 'input_size_test'

-Upgrade has added port 'kernel_depth_test'

-Upgrade has added port 'kernel_size_test'

-Upgrade has added port 'set_zero_test'

-Upgrade has added port 'stride_test'







Copyright 1986-2020 Xilinx, Inc. All Rights Reserved.
------------------------------------------------------------------------------------
| Tool Version : Vivado v.2020.1 (win64) Build 2902540 Wed May 27 19:54:49 MDT 2020
| Date         : Mon Feb  1 16:46:28 2021
| Host         : DESKTOP-BJ9E846 running 64-bit major release  (build 9200)
| Command      : upgrade_ip
| Device       : xc7z010clg400-1
------------------------------------------------------------------------------------

Upgrade Log for IP 'design_1_ConvAccelerator_0_0'

1. Summary
----------

SUCCESS in the conversion of design_1_ConvAccelerator_0_0 (xilinx.com:user:ConvAccelerator:1.0 (Rev. 2)) to Vivado generation flows.

