TRACE::2021-02-02.17:04:31::SCWBifWriter::Found the complete platform D:/Master_Thesis/Vitis_workspace/Hw01/export/Hw01/Hw01.xpfm
TRACE::2021-02-02.17:04:31::SCWBifWriter::hardware databse : design_1_wrapper_0
TRACE::2021-02-02.17:04:31::SCWBifWriter::No bitstream found in the design
TRACE::2021-02-02.17:04:31::SCWBifWriter::Found a baremetal domain, proc: ps7_cortexa9_0
TRACE::2021-02-02.17:04:31::SCWBifWriter::proc type : 
TRACE::2021-02-02.17:04:31::SCWBifWriter::proc[0] : ps7_cortexa9_0
TRACE::2021-02-02.17:04:31::SCWBifWriter::Device type is : zynq
TRACE::2021-02-02.17:04:31::SCWBifWriter::Writing BIF to file : D:/Master_Thesis/Vitis_workspace/app02_system/Debug/system.bif
TRACE::2021-02-02.17:04:31::SCWBifWriter::Writing the Zynq Baremetal bif 
TRACE::2021-02-02.17:08:58::SCWBifWriter::Found the complete platform D:/Master_Thesis/Vitis_workspace/Hw01/export/Hw01/Hw01.xpfm
TRACE::2021-02-02.17:08:58::SCWBifWriter::hardware databse : design_1_wrapper_5
TRACE::2021-02-02.17:08:58::SCWBifWriter::bitstream found in the design
TRACE::2021-02-02.17:08:58::SCWBifWriter::Found a baremetal domain, proc: ps7_cortexa9_0
TRACE::2021-02-02.17:08:58::SCWBifWriter::proc type : 
TRACE::2021-02-02.17:08:58::SCWBifWriter::proc[0] : ps7_cortexa9_0
TRACE::2021-02-02.17:08:58::SCWBifWriter::Device type is : zynq
TRACE::2021-02-02.17:08:58::SCWBifWriter::Writing BIF to file : D:/Master_Thesis/Vitis_workspace/app02_system/Debug/system.bif
TRACE::2021-02-02.17:08:58::SCWBifWriter::Writing the Zynq Baremetal bif 
TRACE::2021-02-02.17:09:06::SCWBifWriter::Found the complete platform D:/Master_Thesis/Vitis_workspace/Hw01/export/Hw01/Hw01.xpfm
TRACE::2021-02-02.17:09:06::SCWBifWriter::hardware databse : design_1_wrapper_5
TRACE::2021-02-02.17:09:06::SCWBifWriter::bitstream found in the design
TRACE::2021-02-02.17:09:06::SCWBifWriter::Found a baremetal domain, proc: ps7_cortexa9_0
TRACE::2021-02-02.17:09:06::SCWBifWriter::proc type : 
TRACE::2021-02-02.17:09:06::SCWBifWriter::proc[0] : ps7_cortexa9_0
TRACE::2021-02-02.17:09:06::SCWBifWriter::Device type is : zynq
TRACE::2021-02-02.17:09:06::SCWBifWriter::Writing BIF to file : D:/Master_Thesis/Vitis_workspace/app02_system/Debug/system.bif
TRACE::2021-02-02.17:09:06::SCWBifWriter::Writing the Zynq Baremetal bif 
TRACE::2021-02-03.17:38:39::SCWBifWriter::Found the complete platform D:/Master_Thesis/Vitis_workspace/Hw01/export/Hw01/Hw01.xpfm
TRACE::2021-02-03.17:38:40::SCWBifWriter::hardware databse : design_1_wrapper_2
TRACE::2021-02-03.17:38:40::SCWBifWriter::bitstream found in the design
TRACE::2021-02-03.17:38:40::SCWBifWriter::Found a baremetal domain, proc: ps7_cortexa9_0
TRACE::2021-02-03.17:38:40::SCWBifWriter::proc type : 
TRACE::2021-02-03.17:38:40::SCWBifWriter::proc[0] : ps7_cortexa9_0
TRACE::2021-02-03.17:38:40::SCWBifWriter::Device type is : zynq
TRACE::2021-02-03.17:38:40::SCWBifWriter::Writing BIF to file : D:/Master_Thesis/Vitis_workspace/app02_system/Debug/system.bif
TRACE::2021-02-03.17:38:40::SCWBifWriter::Writing the Zynq Baremetal bif 
TRACE::2021-02-03.18:51:43::SCWBifWriter::Found the complete platform D:/Master_Thesis/Vitis_workspace/Hw01/export/Hw01/Hw01.xpfm
TRACE::2021-02-03.18:51:44::SCWBifWriter::hardware databse : design_1_wrapper_7
TRACE::2021-02-03.18:51:44::SCWBifWriter::bitstream found in the design
TRACE::2021-02-03.18:51:44::SCWBifWriter::Found a baremetal domain, proc: ps7_cortexa9_0
TRACE::2021-02-03.18:51:44::SCWBifWriter::proc type : 
TRACE::2021-02-03.18:51:44::SCWBifWriter::proc[0] : ps7_cortexa9_0
TRACE::2021-02-03.18:51:44::SCWBifWriter::Device type is : zynq
TRACE::2021-02-03.18:51:44::SCWBifWriter::Writing BIF to file : D:/Master_Thesis/Vitis_workspace/app02_system/Debug/system.bif
TRACE::2021-02-03.18:51:44::SCWBifWriter::Writing the Zynq Baremetal bif 
TRACE::2021-02-04.13:31:17::SCWBifWriter::Found the complete platform D:/Master_Thesis/Vitis_workspace/Hw01/export/Hw01/Hw01.xpfm
TRACE::2021-02-04.13:31:17::SCWBifWriter::hardware databse : design_1_wrapper_1
TRACE::2021-02-04.13:31:17::SCWBifWriter::bitstream found in the design
TRACE::2021-02-04.13:31:17::SCWBifWriter::Found a baremetal domain, proc: ps7_cortexa9_0
TRACE::2021-02-04.13:31:17::SCWBifWriter::proc type : 
TRACE::2021-02-04.13:31:17::SCWBifWriter::proc[0] : ps7_cortexa9_0
TRACE::2021-02-04.13:31:17::SCWBifWriter::Device type is : zynq
TRACE::2021-02-04.13:31:17::SCWBifWriter::Writing BIF to file : D:/Master_Thesis/Vitis_workspace/app02_system/Debug/system.bif
TRACE::2021-02-04.13:31:17::SCWBifWriter::Writing the Zynq Baremetal bif 
TRACE::2021-02-08.18:11:51::SCWBifWriter::Found the complete platform D:/Master_Thesis/Vitis_workspace/Hw01/export/Hw01/Hw01.xpfm
TRACE::2021-02-08.18:11:51::SCWBifWriter::hardware databse : design_1_wrapper_3
TRACE::2021-02-08.18:11:51::SCWBifWriter::bitstream found in the design
TRACE::2021-02-08.18:11:51::SCWBifWriter::Found a baremetal domain, proc: ps7_cortexa9_0
TRACE::2021-02-08.18:11:51::SCWBifWriter::proc type : 
TRACE::2021-02-08.18:11:51::SCWBifWriter::proc[0] : ps7_cortexa9_0
TRACE::2021-02-08.18:11:51::SCWBifWriter::Device type is : zynq
TRACE::2021-02-08.18:11:51::SCWBifWriter::Writing BIF to file : D:/Master_Thesis/Vitis_workspace/app02_system/Debug/system.bif
TRACE::2021-02-08.18:11:51::SCWBifWriter::Writing the Zynq Baremetal bif 
