Vivado Simulator 2020.1
Copyright 1986-1999, 2001-2020 Xilinx, Inc. All Rights Reserved.
Running: D:/Vivado/Vivado/2020.1/bin/unwrapped/win64.o/xelab.exe -wto 775c300d1d4e4267a9b476c98f32fb74 --incr --debug typical --relax --mt 2 -L xil_defaultlib -L secureip --snapshot acc_wrapper_tb_behav xil_defaultlib.acc_wrapper_tb -log elaborate.log 
Using 2 slave threads.
Starting static elaboration
WARNING: [VRFC 10-4940] 'w_sticker' remains a black box since it has no binding entity [D:/Vivado_Project/MS.CnnAccFPGA/Ip_repo/MyAccelerator/srcs/wgu.vhd:96]
WARNING: [VRFC 10-4940] 'spm' remains a black box since it has no binding entity [D:/Vivado_Project/MS.CnnAccFPGA/Ip_repo/MyAccelerator/srcs/wgu.vhd:110]
WARNING: [VRFC 10-4940] 'spm' remains a black box since it has no binding entity [D:/Vivado_Project/MS.CnnAccFPGA/Ip_repo/MyAccelerator/srcs/wgu.vhd:123]
Completed static elaboration
Starting simulation data flow analysis
Completed simulation data flow analysis
Time Resolution for simulation is 1ps
Compiling package std.standard
Compiling package std.textio
Compiling package ieee.std_logic_1164
Compiling package ieee.numeric_std
Compiling architecture arch_imp of entity xil_defaultlib.MyAccelerator_v2_0_S00_AXI [\MyAccelerator_v2_0_S00_AXI(inpu...]
Compiling architecture behav of entity xil_defaultlib.main_fsm [\main_fsm(input_size_bit_width=1...]
Compiling architecture behav of entity xil_defaultlib.wgu [\wgu(kernel_size_bit_width=8,ker...]
Compiling architecture behav of entity xil_defaultlib.acc_wrapper [acc_wrapper_default]
Compiling architecture behav of entity xil_defaultlib.acc_wrapper_tb
Built simulation snapshot acc_wrapper_tb_behav
